Checking for new references started.
New references count: 77
Setting target framework version.

Added references count:'68'
Reference added:'AntiXssLibrary'
Reference added:'HtmlSanitizationLibrary'
Reference added:'Telerik.DigitalExperienceCloud.Client'
Reference added:'Telerik.Sitefinity.Frontend.Identity'
Reference added:'Telerik.Sitefinity.Frontend.Media'
Reference added:'Telerik.Sitefinity.Frontend.Search'
Reference added:'HtmlAgilityPack'
Reference added:'RazorGenerator.Templating'
Reference added:'ServiceStack.Client'
Reference added:'Telerik.Sitefinity.SiteSync'
Reference added:'Elasticsearch.Net'
Reference added:'Nest'
Reference added:'Telerik.Sitefinity.Audit.Elasticsearch'
Reference added:'Telerik.Sitefinity.AuditTrail'
Reference added:'Telerik.Sitefinity.DataIntelligenceConnector'
Reference added:'Telerik.Sitefinity.Diagnostics'
Reference added:'Telerik.OpenAccess.40.Extensions'
Reference added:'Telerik.Sitefinity.RecycleBin'
Reference added:'Telerik.Sitefinity.SitemapGenerator'
Reference added:'Telerik.Sitefinity.Services.RecycleBin'
Reference added:'Telerik.Sitefinity.Services.RecycleBin.Impl'
Reference added:'Ninject'
Reference added:'RedDog.Search'
Reference added:'Telerik.Sitefinity.Frontend'
Reference added:'Telerik.Sitefinity.Frontend.ContentBlock'
Reference added:'Telerik.Sitefinity.Frontend.DynamicContent'
Reference added:'Telerik.Sitefinity.Frontend.Navigation'
Reference added:'Telerik.Sitefinity.Frontend.News'
Reference added:'Telerik.Sitefinity.Frontend.SocialShare'
Reference added:'Telerik.DEC.Common.Encryption.Contract'
Reference added:'Telerik.Windows.Documents.Flow'
Reference added:'Telerik.Sitefinity.Mvc'
Reference added:'Telerik.Sitefinity.Translations'
Reference added:'Telerik.Sitefinity.Frontend.Blogs'
Reference added:'Telerik.Sitefinity.Frontend.Comments'
Reference added:'Telerik.Sitefinity.Frontend.EmailCampaigns'
Reference added:'Telerik.Sitefinity.Frontend.InlineClientAssets'
Reference added:'Telerik.Sitefinity.Frontend.Lists'
Reference added:'Telerik.Sitefinity.Frontend.Publishing'
Reference added:'Telerik.Sitefinity.Frontend.Taxonomies'
Reference added:'MonAgentListener'
Reference added:'System.Spatial'
Reference added:'AmazingCloudSearch'
Reference added:'AWSSDK'
Reference added:'Microsoft.WindowsAzure.Storage'
Reference added:'Microsoft.Azure.KeyVault.Core'
Reference added:'Microsoft.Data.Edm'
Reference added:'Microsoft.Data.OData'
Reference added:'Microsoft.Data.Services.Client'
Reference added:'ServiceStack.Redis'
Reference added:'Telerik.Sitefinity.Azure'
Reference added:'Telerik.Sitefinity.Frontend.Forms'
Reference added:'Telerik.Sitefinity.Frontend.Card'
Reference added:'Telerik.Sitefinity.Amazon'
Reference added:'Telerik.Sitefinity.AmazonCloudSearch'
Reference added:'DDay.iCal'
Reference added:'DDay.Collections'
Reference added:'Telerik.Sitefinity.Frontend.Data'
Reference added:'Ninject.Web.Common'
Reference added:'RazorGenerator.Mvc'
Reference added:'Telerik.Sitefinity.Packaging'
Reference added:'Telerik.Sitefinity.Web.Api'
Reference added:'Microsoft.OData.Core'
Reference added:'Microsoft.OData.Edm'
Reference added:'Microsoft.Spatial'
Reference added:'System.Web.Http.Cors'
Reference added:'System.Web.Cors'
Reference added:'System.Web.OData'

Not found assemblies count:'9'
Assembly:'Microsoft.WindowsAzure.Diagnostics.StorageUtility' hasn't been found in your bin folder. Csproj reference hasn't been added
Assembly:'Telerik.DataIntelligence.Client' hasn't been found in your bin folder. Csproj reference hasn't been added
Assembly:'Microsoft.Threading.Tasks' hasn't been found in your bin folder. Csproj reference hasn't been added
Assembly:'Microsoft.Threading.Tasks.Extensions' hasn't been found in your bin folder. Csproj reference hasn't been added
Assembly:'Microsoft.Threading.Tasks.Extensions.Desktop' hasn't been found in your bin folder. Csproj reference hasn't been added
Assembly:'System.IO' hasn't been found in your bin folder. Csproj reference hasn't been added
Assembly:'System.Net' hasn't been found in your bin folder. Csproj reference hasn't been added
Assembly:'System.Runtime' hasn't been found in your bin folder. Csproj reference hasn't been added
Assembly:'System.Threading.Tasks' hasn't been found in your bin folder. Csproj reference hasn't been added
