----------------------------------------
Timestamp: 5/19/2016 12:21:15 PM

Message: Shutting down threadpool...


----------------------------------------
----------------------------------------
Timestamp: 5/19/2016 12:21:15 PM

Message: Thread pool 'BackgroundTasksService': Shutdown of thread pool completed. All currently running threads will finish their work and stop.


----------------------------------------
----------------------------------------
Timestamp: 2016-05-19 12:21:15 PM

Message: WorkerThread is shut down


----------------------------------------
----------------------------------------
Timestamp: 2016-05-19 12:21:15 PM

Message: WorkerThread is shut down


----------------------------------------
----------------------------------------
Timestamp: 2016-05-19 12:21:15 PM

Message: Background task scheduler shut down


----------------------------------------
----------------------------------------
Timestamp: 5/19/2016 12:21:17 PM

Message: Shutting down threadpool...


----------------------------------------
----------------------------------------
Timestamp: 5/19/2016 12:21:17 PM

Message: Thread pool 'BackgroundTasksService': Shutdown of thread pool completed. Threads aborted.


----------------------------------------
