----------------------------------------
Timestamp: 7/5/2016 1:57:50 PM

Message: Shutting down threadpool...


----------------------------------------
----------------------------------------
Timestamp: 7/5/2016 1:57:50 PM

Message: Thread pool 'BackgroundTasksService': Shutdown of thread pool completed. All currently running threads will finish their work and stop.


----------------------------------------
----------------------------------------
Timestamp: 2016-07-05 01:57:50 PM

Message: WorkerThread is shut down


----------------------------------------
----------------------------------------
Timestamp: 2016-07-05 01:57:50 PM

Message: WorkerThread is shut down


----------------------------------------
----------------------------------------
Timestamp: 2016-07-05 01:57:50 PM

Message: Background task scheduler shut down


----------------------------------------
----------------------------------------
Timestamp: 7/5/2016 1:57:52 PM

Message: Shutting down threadpool...


----------------------------------------
----------------------------------------
Timestamp: 7/5/2016 1:57:52 PM

Message: Thread pool 'BackgroundTasksService': Shutdown of thread pool completed. Threads aborted.


----------------------------------------
