----------------------------------------
Timestamp: 6/7/2016 2:52:28 PM

Message: Shutting down threadpool...


----------------------------------------
----------------------------------------
Timestamp: 6/7/2016 2:52:28 PM

Message: Thread pool 'BackgroundTasksService': Shutdown of thread pool completed. All currently running threads will finish their work and stop.


----------------------------------------
----------------------------------------
Timestamp: 2016-06-07 02:52:28 PM

Message: WorkerThread is shut down


----------------------------------------
----------------------------------------
Timestamp: 2016-06-07 02:52:28 PM

Message: WorkerThread is shut down


----------------------------------------
----------------------------------------
Timestamp: 2016-06-07 02:52:28 PM

Message: Background task scheduler shut down


----------------------------------------
----------------------------------------
Timestamp: 6/7/2016 2:52:30 PM

Message: Shutting down threadpool...


----------------------------------------
----------------------------------------
Timestamp: 6/7/2016 2:52:30 PM

Message: Thread pool 'BackgroundTasksService': Shutdown of thread pool completed. Threads aborted.


----------------------------------------
