----------------------------------------
Timestamp: 5/25/2016 3:34:57 PM

Message: System.Web.HttpParseException (0x80004005): Type 'Telerik.Sitefinity.Web.UI.FieldListView' does not have a public property named 'style'. ---> System.Web.HttpParseException (0x80004005): Type 'Telerik.Sitefinity.Web.UI.FieldListView' does not have a public property named 'style'. ---> System.Web.HttpException (0x80004005): Type 'Telerik.Sitefinity.Web.UI.FieldListView' does not have a public property named 'style'.
   at System.Web.UI.ControlBuilder.AddProperty(String filter, String name, String value, Boolean mainDirectiveMode)
   at System.Web.UI.ControlBuilder.PreprocessAttributes(ParsedAttributeCollection attribs)
   at System.Web.UI.ControlBuilder.Init(TemplateParser parser, ControlBuilder parentBuilder, Type type, String tagName, String id, IDictionary attribs)
   at System.Web.UI.ControlBuilder.CreateBuilderFromType(TemplateParser parser, ControlBuilder parentBuilder, Type type, String tagName, String id, IDictionary attribs, Int32 line, String sourceFileName)
   at System.Web.UI.ControlBuilder.CreateChildBuilder(String filter, String tagName, IDictionary attribs, TemplateParser parser, ControlBuilder parentBuilder, String id, Int32 line, VirtualPath virtualPath, Type& childType, Boolean defaultProperty)
   at System.Web.UI.TemplateParser.ProcessBeginTag(Match match, String inputText)
   at System.Web.UI.TemplateParser.ParseStringInternal(String text, Encoding fileEncoding)
   at System.Web.UI.TemplateParser.ProcessException(Exception ex)
   at System.Web.UI.TemplateParser.ParseStringInternal(String text, Encoding fileEncoding)
   at System.Web.UI.TemplateParser.ParseString(String text, VirtualPath virtualPath, Encoding fileEncoding)
   at System.Web.UI.TemplateParser.ParseString(String text, VirtualPath virtualPath, Encoding fileEncoding)
   at System.Web.UI.TemplateParser.ParseFile(String physicalPath, VirtualPath virtualPath)
   at System.Web.UI.TemplateParser.Parse()
   at System.Web.Compilation.BaseTemplateBuildProvider.get_CodeCompilerType()
   at System.Web.Compilation.BuildProvider.GetCompilerTypeFromBuildProvider(BuildProvider buildProvider)
   at System.Web.Compilation.BuildProvidersCompiler.ProcessBuildProviders()
   at System.Web.Compilation.BuildProvidersCompiler.PerformBuild()
   at System.Web.Compilation.BuildManager.CompileWebFile(VirtualPath virtualPath)
   at System.Web.Compilation.BuildManager.GetVPathBuildResultInternal(VirtualPath virtualPath, Boolean noBuild, Boolean allowCrossApp, Boolean allowBuildInPrecompile, Boolean throwIfNotFound, Boolean ensureIsUpToDate)
   at System.Web.Compilation.BuildManager.GetVPathBuildResultWithNoAssert(HttpContext context, VirtualPath virtualPath, Boolean noBuild, Boolean allowCrossApp, Boolean allowBuildInPrecompile, Boolean throwIfNotFound, Boolean ensureIsUpToDate)
   at System.Web.Compilation.BuildManager.GetVirtualPathObjectFactory(VirtualPath virtualPath, HttpContext context, Boolean allowCrossApp, Boolean throwIfNotFound)
   at System.Web.Compilation.BuildManager.CreateInstanceFromVirtualPath(VirtualPath virtualPath, Type requiredBaseType, HttpContext context, Boolean allowCrossApp)
   at Telerik.Sitefinity.Web.UI.ControlUtilities.CompileControl(String virtualPath)
   at Telerik.Sitefinity.Web.UI.ControlUtilities.LoadControl(String virtualPath, Page page)
   at Telerik.Sitefinity.Web.UI.VirtualPathTemplate.InstantiateIn(Control container, PlaceHoldersCollection placeHolders)
   at Telerik.Sitefinity.Web.UI.ContentUI.Views.Backend.ViewBase.CreateContainer(ITemplate template)
   at Telerik.Sitefinity.Web.UI.ContentUI.Views.Backend.ViewBase.get_Container()
   at Telerik.Sitefinity.Web.UI.ContentUI.Views.Backend.ViewBase.CreateChildControls()


----------------------------------------
----------------------------------------
Timestamp: 5/25/2016 3:35:00 PM

Message: System.Web.HttpParseException (0x80004005): Type 'Telerik.Sitefinity.Web.UI.FieldListView' does not have a public property named 'style'. ---> System.Web.HttpParseException (0x80004005): Type 'Telerik.Sitefinity.Web.UI.FieldListView' does not have a public property named 'style'. ---> System.Web.HttpException (0x80004005): Type 'Telerik.Sitefinity.Web.UI.FieldListView' does not have a public property named 'style'.
   at System.Web.UI.ControlBuilder.AddProperty(String filter, String name, String value, Boolean mainDirectiveMode)
   at System.Web.UI.ControlBuilder.PreprocessAttributes(ParsedAttributeCollection attribs)
   at System.Web.UI.ControlBuilder.Init(TemplateParser parser, ControlBuilder parentBuilder, Type type, String tagName, String id, IDictionary attribs)
   at System.Web.UI.ControlBuilder.CreateBuilderFromType(TemplateParser parser, ControlBuilder parentBuilder, Type type, String tagName, String id, IDictionary attribs, Int32 line, String sourceFileName)
   at System.Web.UI.ControlBuilder.CreateChildBuilder(String filter, String tagName, IDictionary attribs, TemplateParser parser, ControlBuilder parentBuilder, String id, Int32 line, VirtualPath virtualPath, Type& childType, Boolean defaultProperty)
   at System.Web.UI.TemplateParser.ProcessBeginTag(Match match, String inputText)
   at System.Web.UI.TemplateParser.ParseStringInternal(String text, Encoding fileEncoding)
   at System.Web.UI.TemplateParser.ProcessException(Exception ex)
   at System.Web.UI.TemplateParser.ParseStringInternal(String text, Encoding fileEncoding)
   at System.Web.UI.TemplateParser.ParseString(String text, VirtualPath virtualPath, Encoding fileEncoding)
   at System.Web.UI.TemplateParser.ParseString(String text, VirtualPath virtualPath, Encoding fileEncoding)
   at System.Web.UI.TemplateParser.ParseFile(String physicalPath, VirtualPath virtualPath)
   at System.Web.UI.TemplateParser.Parse()
   at System.Web.Compilation.BaseTemplateBuildProvider.get_CodeCompilerType()
   at System.Web.Compilation.BuildProvider.GetCompilerTypeFromBuildProvider(BuildProvider buildProvider)
   at System.Web.Compilation.BuildProvidersCompiler.ProcessBuildProviders()
   at System.Web.Compilation.BuildProvidersCompiler.PerformBuild()
   at System.Web.Compilation.BuildManager.CompileWebFile(VirtualPath virtualPath)
   at System.Web.Compilation.BuildManager.GetVPathBuildResultInternal(VirtualPath virtualPath, Boolean noBuild, Boolean allowCrossApp, Boolean allowBuildInPrecompile, Boolean throwIfNotFound, Boolean ensureIsUpToDate)
   at System.Web.Compilation.BuildManager.GetVPathBuildResultWithNoAssert(HttpContext context, VirtualPath virtualPath, Boolean noBuild, Boolean allowCrossApp, Boolean allowBuildInPrecompile, Boolean throwIfNotFound, Boolean ensureIsUpToDate)
   at System.Web.Compilation.BuildManager.GetVirtualPathObjectFactory(VirtualPath virtualPath, HttpContext context, Boolean allowCrossApp, Boolean throwIfNotFound)
   at System.Web.Compilation.BuildManager.CreateInstanceFromVirtualPath(VirtualPath virtualPath, Type requiredBaseType, HttpContext context, Boolean allowCrossApp)
   at Telerik.Sitefinity.Web.UI.ControlUtilities.CompileControl(String virtualPath)
   at Telerik.Sitefinity.Web.UI.ControlUtilities.LoadControl(String virtualPath, Page page)
   at Telerik.Sitefinity.Web.UI.VirtualPathTemplate.InstantiateIn(Control container, PlaceHoldersCollection placeHolders)
   at Telerik.Sitefinity.Web.UI.ContentUI.Views.Backend.ViewBase.CreateContainer(ITemplate template)
   at Telerik.Sitefinity.Web.UI.ContentUI.Views.Backend.ViewBase.get_Container()
   at Telerik.Sitefinity.Web.UI.ContentUI.Views.Backend.ViewBase.CreateChildControls()


----------------------------------------
----------------------------------------
Timestamp: 2016-05-25 04:36:36 PM

Message: Shutting down threadpool...


----------------------------------------
----------------------------------------
Timestamp: 2016-05-25 04:36:36 PM

Message: Thread pool 'BackgroundTasksService': Shutdown of thread pool completed. All currently running threads will finish their work and stop.


----------------------------------------
----------------------------------------
Timestamp: 2016-05-25 04:36:37 PM

Message: Background task scheduler shut down


----------------------------------------
----------------------------------------
Timestamp: 2016-05-25 04:36:37 PM

Message: WorkerThread is shut down


----------------------------------------
----------------------------------------
Timestamp: 2016-05-25 04:36:37 PM

Message: WorkerThread is shut down


----------------------------------------
----------------------------------------
Timestamp: 2016-05-25 04:37:06 PM

Message: Shutting down threadpool...


----------------------------------------
----------------------------------------
Timestamp: 2016-05-25 04:37:06 PM

Message: Thread pool 'BackgroundTasksService': Shutdown of thread pool completed. Threads aborted.


----------------------------------------
