----------------------------------------
Timestamp: 2016-07-06 08:43:46 AM

Message: Shutting down threadpool...


----------------------------------------
----------------------------------------
Timestamp: 2016-07-06 08:43:46 AM

Message: Background task scheduler shut down


----------------------------------------
----------------------------------------
Timestamp: 2016-07-06 08:43:46 AM

Message: Thread pool 'BackgroundTasksService': Shutdown of thread pool completed. All currently running threads will finish their work and stop.


----------------------------------------
----------------------------------------
Timestamp: 2016-07-06 08:43:46 AM

Message: WorkerThread is shut down


----------------------------------------
----------------------------------------
Timestamp: 2016-07-06 08:43:46 AM

Message: WorkerThread is shut down


----------------------------------------
----------------------------------------
Timestamp: 2016-07-06 08:44:16 AM

Message: Shutting down threadpool...


----------------------------------------
----------------------------------------
Timestamp: 2016-07-06 08:44:16 AM

Message: Thread pool 'BackgroundTasksService': Shutdown of thread pool completed. Threads aborted.


----------------------------------------
