----------------------------------------
Timestamp: 5/19/2016 9:30:48 AM

Message: Shutting down threadpool...


----------------------------------------
----------------------------------------
Timestamp: 5/19/2016 9:30:48 AM

Message: Thread pool 'BackgroundTasksService': Shutdown of thread pool completed. All currently running threads will finish their work and stop.


----------------------------------------
----------------------------------------
Timestamp: 2016-05-19 09:30:48 AM

Message: WorkerThread is shut down


----------------------------------------
----------------------------------------
Timestamp: 2016-05-19 09:30:48 AM

Message: Background task scheduler shut down


----------------------------------------
----------------------------------------
Timestamp: 2016-05-19 09:30:48 AM

Message: WorkerThread is shut down


----------------------------------------
----------------------------------------
Timestamp: 5/19/2016 9:30:50 AM

Message: Shutting down threadpool...


----------------------------------------
----------------------------------------
Timestamp: 5/19/2016 9:30:50 AM

Message: Thread pool 'BackgroundTasksService': Shutdown of thread pool completed. Threads aborted.


----------------------------------------
