----------------------------------------
Timestamp: 6/24/2016 10:19:17 AM

Message: HandlingInstanceID: 099617fc-027f-4b4d-b8b4-29498bc50c9e
An exception of type 'System.NullReferenceException' occurred and was caught.
-----------------------------------------------------------------------------
06/24/2016 12:19:17
Type : System.NullReferenceException, mscorlib, Version=4.0.0.0, Culture=neutral, PublicKeyToken=b77a5c561934e089
Message : Object reference not set to an instance of an object.
Source : Telerik.Sitefinity
Help link : 
Data : System.Collections.ListDictionaryInternal
TargetSite : Void VerifySectionRegistered(System.Type, System.String)
HResult : -2147467261
Stack Trace :    at Telerik.Sitefinity.Configuration.Config.VerifySectionRegistered(Type sectionType, String sectionName)
   at Telerik.Sitefinity.Configuration.Config.GetSectionInternal(Type sectionType, Boolean safeMode, String sectionName)
   at Telerik.Sitefinity.Configuration.Config.GetSectionPrivate(Type sectionType, Boolean safeMode, String sectionName)
   at Telerik.Sitefinity.Configuration.Config.GetSectionPrivate[TSection](Boolean safeMode)
   at Telerik.Sitefinity.Localization.ResourceManager.get_ProvidersSettings()
   at Telerik.Sitefinity.Data.ManagerBase`1.GetProvidersSettings()
   at Telerik.Sitefinity.Data.ManagerBase`1.Initialize()

Additional Info:

MachineName : TEBOGO-PC
TimeStamp : 6/24/2016 10:19:17 AM
FullName : Telerik.Sitefinity.Utilities, Version=9.0.6010.0, Culture=neutral, PublicKeyToken=b28c218413bdf563
AppDomainName : ef33332e-1-131112370612601184
ThreadIdentity : FIREWATER\Tebogo
WindowsIdentity : FIREWATER\Tebogo


Category: ErrorLog

Priority: 0

EventId: 90030

Severity: Error

Title:Enterprise Library Exception Handling

Machine: TEBOGO-PC

App Domain: ef33332e-1-131112370612601184

ProcessId: 6272

Process Name: C:\Program Files (x86)\Microsoft Visual Studio 14.0\Common7\IDE\Microsoft.VisualStudio.Web.Host.exe

Thread Name: 

Win32 ThreadId:4796

Extended Properties: 
----------------------------------------
