----------------------------------------
Timestamp: 7/11/2016 8:18:02 AM

Message: HandlingInstanceID: 5a85e309-55d9-4622-bfb0-ee3b5e596343
An exception of type 'System.Web.HttpCompileException' occurred and was caught.
-------------------------------------------------------------------------------
07/11/2016 10:18:02
Type : System.Web.HttpCompileException, System.Web, Version=4.0.0.0, Culture=neutral, PublicKeyToken=b03f5f7f11d50a3a
Message : d:\Sites\clients\ipulse\websites\ipulse_2016\FWI_Modules\user\ProductList.ascx.cs(105): error CS1002: ; expected
Source : System.Web
Help link : 
Results : System.CodeDom.Compiler.CompilerResults
SourceCode : #pragma checksum "D:\Sites\clients\ipulse\websites\ipulse_2016\FWI_Modules\user\ProductList.ascx" "{ff1816ec-aa5e-4d10-87f7-6f4963833460}" "553249906203539562F464858E617D1F7836D5B9"
//------------------------------------------------------------------------------
// <auto-generated>
//     This code was generated by a tool.
//     Runtime Version:4.0.30319.18449
//
//     Changes to this file may cause incorrect behavior and will be lost if
//     the code is regenerated.
// </auto-generated>
//------------------------------------------------------------------------------



public partial class ipulse_2016_FWI_Modules_user_ProductList {
    
    
    #line 6 "D:\Sites\clients\ipulse\websites\ipulse_2016\FWI_Modules\user\ProductList.ascx"
    protected global::System.Web.UI.WebControls.Literal productsHtml;
    
    #line default
    #line hidden
    
    protected System.Web.Profile.DefaultProfile Profile {
        get {
            return ((System.Web.Profile.DefaultProfile)(this.Context.Profile));
        }
    }
    
    protected ASP.global_asax ApplicationInstance {
        get {
            return ((ASP.global_asax)(this.Context.ApplicationInstance));
        }
    }
}
namespace ASP {
    
    #line 312 "C:\Windows\Microsoft.NET\Framework64\v4.0.30319\Config\web.config"
    using System.Linq;
    
    #line default
    #line hidden
    
    #line 319 "C:\Windows\Microsoft.NET\Framework64\v4.0.30319\Config\web.config"
    using System.Web.Security;
    
    #line default
    #line hidden
    
    #line 310 "C:\Windows\Microsoft.NET\Framework64\v4.0.30319\Config\web.config"
    using System.ComponentModel.DataAnnotations;
    
    #line default
    #line hidden
    
    #line 308 "C:\Windows\Microsoft.NET\Framework64\v4.0.30319\Config\web.config"
    using System.Collections.Generic;
    
    #line default
    #line hidden
    
    #line 314 "C:\Windows\Microsoft.NET\Framework64\v4.0.30319\Config\web.config"
    using System.Text.RegularExpressions;
    
    #line default
    #line hidden
    
    #line 6 "D:\Sites\clients\ipulse\websites\ipulse_2016\FWI_Modules\user\ProductList.ascx"
    using System.Web.UI.WebControls;
    
    #line default
    #line hidden
    
    #line 325 "C:\Windows\Microsoft.NET\Framework64\v4.0.30319\Config\web.config"
    using System.Xml.Linq;
    
    #line default
    #line hidden
    
    #line 6 "D:\Sites\clients\ipulse\websites\ipulse_2016\FWI_Modules\user\ProductList.ascx"
    using System.Web.UI;
    
    #line default
    #line hidden
    
    #line 324 "C:\Windows\Microsoft.NET\Framework64\v4.0.30319\Config\web.config"
    using System.Web.UI.HtmlControls;
    
    #line default
    #line hidden
    
    #line 315 "C:\Windows\Microsoft.NET\Framework64\v4.0.30319\Config\web.config"
    using System.Web;
    
    #line default
    #line hidden
    
    #line 311 "C:\Windows\Microsoft.NET\Framework64\v4.0.30319\Config\web.config"
    using System.Configuration;
    
    #line default
    #line hidden
    
    #line 306 "C:\Windows\Microsoft.NET\Framework64\v4.0.30319\Config\web.config"
    using System;
    
    #line default
    #line hidden
    
    #line 313 "C:\Windows\Microsoft.NET\Framework64\v4.0.30319\Config\web.config"
    using System.Text;
    
    #line default
    #line hidden
    
    #line 320 "C:\Windows\Microsoft.NET\Framework64\v4.0.30319\Config\web.config"
    using System.Web.Profile;
    
    #line default
    #line hidden
    
    #line 316 "C:\Windows\Microsoft.NET\Framework64\v4.0.30319\Config\web.config"
    using System.Web.Caching;
    
    #line default
    #line hidden
    
    #line 307 "C:\Windows\Microsoft.NET\Framework64\v4.0.30319\Config\web.config"
    using System.Collections;
    
    #line default
    #line hidden
    
    #line 6 "D:\Sites\clients\ipulse\websites\ipulse_2016\FWI_Modules\user\ProductList.ascx"
    using System.Web.UI.WebControls.WebParts;
    
    #line default
    #line hidden
    
    #line 6 "D:\Sites\clients\ipulse\websites\ipulse_2016\FWI_Modules\user\ProductList.ascx"
    using System.Web.UI.WebControls.Expressions;
    
    #line default
    #line hidden
    
    #line 309 "C:\Windows\Microsoft.NET\Framework64\v4.0.30319\Config\web.config"
    using System.Collections.Specialized;
    
    #line default
    #line hidden
    
    #line 318 "C:\Windows\Microsoft.NET\Framework64\v4.0.30319\Config\web.config"
    using System.Web.SessionState;
    
    #line default
    #line hidden
    
    #line 6 "D:\Sites\clients\ipulse\websites\ipulse_2016\FWI_Modules\user\ProductList.ascx"
    using System.Web.DynamicData;
    
    #line default
    #line hidden
    
    
    [System.Runtime.CompilerServices.CompilerGlobalScopeAttribute()]
    public class fwi_modules_user_productlist_ascx : global::ipulse_2016_FWI_Modules_user_ProductList {
        
        private static bool @__initialized;
        
        [System.Diagnostics.DebuggerNonUserCodeAttribute()]
        public fwi_modules_user_productlist_ascx() {
            
            #line 912304 "D:\Sites\clients\ipulse\websites\ipulse_2016\FWI_Modules\user\ProductList.ascx.cs"
            ((global::System.Web.UI.UserControl)(this)).AppRelativeVirtualPath = "~/FWI_Modules/user/ProductList.ascx";
            
            #line default
            #line hidden
            if ((global::ASP.fwi_modules_user_productlist_ascx.@__initialized == false)) {
                global::ASP.fwi_modules_user_productlist_ascx.@__initialized = true;
            }
        }
        
        [System.Diagnostics.DebuggerNonUserCodeAttribute()]
        private global::System.Web.UI.WebControls.Literal @__BuildControlproductsHtml() {
            global::System.Web.UI.WebControls.Literal @__ctrl;
            
            #line 6 "D:\Sites\clients\ipulse\websites\ipulse_2016\FWI_Modules\user\ProductList.ascx"
            @__ctrl = new global::System.Web.UI.WebControls.Literal();
            
            #line default
            #line hidden
            this.productsHtml = @__ctrl;
            
            #line 6 "D:\Sites\clients\ipulse\websites\ipulse_2016\FWI_Modules\user\ProductList.ascx"
            @__ctrl.ID = "productsHtml";
            
            #line default
            #line hidden
            return @__ctrl;
        }
        
        [System.Diagnostics.DebuggerNonUserCodeAttribute()]
        private void @__BuildControlTree(fwi_modules_user_productlist_ascx @__ctrl) {
            System.Web.UI.IParserAccessor @__parser = ((System.Web.UI.IParserAccessor)(@__ctrl));
            
            #line 1 "D:\Sites\clients\ipulse\websites\ipulse_2016\FWI_Modules\user\ProductList.ascx"
            @__parser.AddParsedSubObject(new System.Web.UI.LiteralControl("\r\n\r\n<div class=\'products-container container\' style=\"margin-bottom: 22px;margin-t" +
                        "op: 55px;\">\r\n    <div class=\"container-fluid\">\r\n        <div class=\"row\">\r\n     " +
                        "       "));
            
            #line default
            #line hidden
            global::System.Web.UI.WebControls.Literal @__ctrl1;
            
            #line 1 "D:\Sites\clients\ipulse\websites\ipulse_2016\FWI_Modules\user\ProductList.ascx"
            @__ctrl1 = this.@__BuildControlproductsHtml();
            
            #line default
            #line hidden
            
            #line 1 "D:\Sites\clients\ipulse\websites\ipulse_2016\FWI_Modules\user\ProductList.ascx"
            @__parser.AddParsedSubObject(@__ctrl1);
            
            #line default
            #line hidden
            
            #line 1 "D:\Sites\clients\ipulse\websites\ipulse_2016\FWI_Modules\user\ProductList.ascx"
            @__parser.AddParsedSubObject(new System.Web.UI.LiteralControl("\r\n        </div>\r\n    </div>\r\n</div>\r\n\r\n\r\n"));
            
            #line default
            #line hidden
        }
        
        
        #line 912304 "D:\Sites\clients\ipulse\websites\ipulse_2016\FWI_Modules\user\ProductList.ascx.cs"
        [System.Diagnostics.DebuggerNonUserCodeAttribute()]
        protected override void FrameworkInitialize() {
            base.FrameworkInitialize();
            this.@__BuildControlTree(this);
        }
        
        #line default
        #line hidden
    }
}

WebEventCode : 0
ErrorCode : -2147467259
Data : System.Collections.ListDictionaryInternal
TargetSite : System.Web.Compilation.BuildResult CompileWebFile(System.Web.VirtualPath)
HResult : -2147467259
Stack Trace :    at System.Web.Compilation.BuildManager.CompileWebFile(VirtualPath virtualPath)
   at System.Web.Compilation.BuildManager.GetVPathBuildResultInternal(VirtualPath virtualPath, Boolean noBuild, Boolean allowCrossApp, Boolean allowBuildInPrecompile, Boolean throwIfNotFound, Boolean ensureIsUpToDate)
   at System.Web.Compilation.BuildManager.GetVPathBuildResultWithNoAssert(HttpContext context, VirtualPath virtualPath, Boolean noBuild, Boolean allowCrossApp, Boolean allowBuildInPrecompile, Boolean throwIfNotFound, Boolean ensureIsUpToDate)
   at System.Web.Compilation.BuildManager.GetVPathBuildResult(HttpContext context, VirtualPath virtualPath, Boolean noBuild, Boolean allowCrossApp, Boolean allowBuildInPrecompile, Boolean ensureIsUpToDate)
   at System.Web.UI.TemplateControl.LoadControl(VirtualPath virtualPath)
   at Telerik.Sitefinity.Web.UI.UserControlWrapper.OnInit(EventArgs e)
   at System.Web.UI.Control.InitRecursive(Control namingContainer)
   at System.Web.UI.Control.InitRecursive(Control namingContainer)
   at System.Web.UI.Control.InitRecursive(Control namingContainer)
   at System.Web.UI.Control.InitRecursive(Control namingContainer)
   at System.Web.UI.Control.InitRecursive(Control namingContainer)
   at System.Web.UI.Control.InitRecursive(Control namingContainer)
   at System.Web.UI.Control.InitRecursive(Control namingContainer)
   at System.Web.UI.Control.InitRecursive(Control namingContainer)
   at System.Web.UI.Page.ProcessRequestMain(Boolean includeStagesBeforeAsyncPoint, Boolean includeStagesAfterAsyncPoint)
   at System.Web.UI.Page.ProcessRequest(Boolean includeStagesBeforeAsyncPoint, Boolean includeStagesAfterAsyncPoint)
   at System.Web.UI.Page.ProcessRequest()
   at System.Web.UI.Page.ProcessRequest(HttpContext context)
   at ASP.sfpageservice_cf4354a4_75a4_62bd_81a2_ff00002f4c9e_basic_aspx.ProcessRequest(HttpContext context) in c:\Windows\Microsoft.NET\Framework64\v4.0.30319\Temporary ASP.NET Files\root\01760ab5\4e0a9792\App_Web_cf4354a4-75a4-62bd-81a2-ff00002f4c9e_basic.aspx.d63928b6.zlifqwxj.0.cs:line 0
   at System.Web.HttpApplication.CallHandlerExecutionStep.System.Web.HttpApplication.IExecutionStep.Execute()
   at System.Web.HttpApplication.ExecuteStep(IExecutionStep step, Boolean& completedSynchronously)

Additional Info:

MachineName : GOBLIN
TimeStamp : 7/11/2016 8:18:02 AM
FullName : Telerik.Sitefinity.Utilities, Version=9.0.6010.0, Culture=neutral, PublicKeyToken=b28c218413bdf563
AppDomainName : /LM/W3SVC/155/ROOT-1-131126985068836718
ThreadIdentity : 
WindowsIdentity : GOBLIN\alonberman
Requested URL : http://ipulse_2016.testfire.co.za/products/biometric-and-card-reader


Category: ErrorLog

Priority: 0

EventId: 90000

Severity: Error

Title:Enterprise Library Exception Handling

Machine: GOBLIN

App Domain: /LM/W3SVC/155/ROOT-1-131126985068836718

ProcessId: 3676

Process Name: c:\windows\system32\inetsrv\w3wp.exe

Thread Name: 

Win32 ThreadId:10428

Extended Properties: 
----------------------------------------
----------------------------------------
Timestamp: 7/11/2016 8:18:26 AM

Message: HandlingInstanceID: fdf0799e-4888-4508-9845-f1a00b28f78c
An exception of type 'System.Web.HttpCompileException' occurred and was caught.
-------------------------------------------------------------------------------
07/11/2016 10:18:26
Type : System.Web.HttpCompileException, System.Web, Version=4.0.0.0, Culture=neutral, PublicKeyToken=b03f5f7f11d50a3a
Message : d:\Sites\clients\ipulse\websites\ipulse_2016\FWI_Modules\user\ProductList.ascx.cs(105): error CS1002: ; expected
Source : System.Web
Help link : 
Results : System.CodeDom.Compiler.CompilerResults
SourceCode : #pragma checksum "D:\Sites\clients\ipulse\websites\ipulse_2016\FWI_Modules\user\ProductList.ascx" "{ff1816ec-aa5e-4d10-87f7-6f4963833460}" "553249906203539562F464858E617D1F7836D5B9"
//------------------------------------------------------------------------------
// <auto-generated>
//     This code was generated by a tool.
//     Runtime Version:4.0.30319.18449
//
//     Changes to this file may cause incorrect behavior and will be lost if
//     the code is regenerated.
// </auto-generated>
//------------------------------------------------------------------------------



public partial class ipulse_2016_FWI_Modules_user_ProductList {
    
    
    #line 6 "D:\Sites\clients\ipulse\websites\ipulse_2016\FWI_Modules\user\ProductList.ascx"
    protected global::System.Web.UI.WebControls.Literal productsHtml;
    
    #line default
    #line hidden
    
    protected System.Web.Profile.DefaultProfile Profile {
        get {
            return ((System.Web.Profile.DefaultProfile)(this.Context.Profile));
        }
    }
    
    protected ASP.global_asax ApplicationInstance {
        get {
            return ((ASP.global_asax)(this.Context.ApplicationInstance));
        }
    }
}
namespace ASP {
    
    #line 312 "C:\Windows\Microsoft.NET\Framework64\v4.0.30319\Config\web.config"
    using System.Linq;
    
    #line default
    #line hidden
    
    #line 319 "C:\Windows\Microsoft.NET\Framework64\v4.0.30319\Config\web.config"
    using System.Web.Security;
    
    #line default
    #line hidden
    
    #line 310 "C:\Windows\Microsoft.NET\Framework64\v4.0.30319\Config\web.config"
    using System.ComponentModel.DataAnnotations;
    
    #line default
    #line hidden
    
    #line 308 "C:\Windows\Microsoft.NET\Framework64\v4.0.30319\Config\web.config"
    using System.Collections.Generic;
    
    #line default
    #line hidden
    
    #line 314 "C:\Windows\Microsoft.NET\Framework64\v4.0.30319\Config\web.config"
    using System.Text.RegularExpressions;
    
    #line default
    #line hidden
    
    #line 6 "D:\Sites\clients\ipulse\websites\ipulse_2016\FWI_Modules\user\ProductList.ascx"
    using System.Web.UI.WebControls;
    
    #line default
    #line hidden
    
    #line 325 "C:\Windows\Microsoft.NET\Framework64\v4.0.30319\Config\web.config"
    using System.Xml.Linq;
    
    #line default
    #line hidden
    
    #line 6 "D:\Sites\clients\ipulse\websites\ipulse_2016\FWI_Modules\user\ProductList.ascx"
    using System.Web.UI;
    
    #line default
    #line hidden
    
    #line 324 "C:\Windows\Microsoft.NET\Framework64\v4.0.30319\Config\web.config"
    using System.Web.UI.HtmlControls;
    
    #line default
    #line hidden
    
    #line 315 "C:\Windows\Microsoft.NET\Framework64\v4.0.30319\Config\web.config"
    using System.Web;
    
    #line default
    #line hidden
    
    #line 311 "C:\Windows\Microsoft.NET\Framework64\v4.0.30319\Config\web.config"
    using System.Configuration;
    
    #line default
    #line hidden
    
    #line 306 "C:\Windows\Microsoft.NET\Framework64\v4.0.30319\Config\web.config"
    using System;
    
    #line default
    #line hidden
    
    #line 313 "C:\Windows\Microsoft.NET\Framework64\v4.0.30319\Config\web.config"
    using System.Text;
    
    #line default
    #line hidden
    
    #line 320 "C:\Windows\Microsoft.NET\Framework64\v4.0.30319\Config\web.config"
    using System.Web.Profile;
    
    #line default
    #line hidden
    
    #line 316 "C:\Windows\Microsoft.NET\Framework64\v4.0.30319\Config\web.config"
    using System.Web.Caching;
    
    #line default
    #line hidden
    
    #line 307 "C:\Windows\Microsoft.NET\Framework64\v4.0.30319\Config\web.config"
    using System.Collections;
    
    #line default
    #line hidden
    
    #line 6 "D:\Sites\clients\ipulse\websites\ipulse_2016\FWI_Modules\user\ProductList.ascx"
    using System.Web.UI.WebControls.WebParts;
    
    #line default
    #line hidden
    
    #line 6 "D:\Sites\clients\ipulse\websites\ipulse_2016\FWI_Modules\user\ProductList.ascx"
    using System.Web.UI.WebControls.Expressions;
    
    #line default
    #line hidden
    
    #line 309 "C:\Windows\Microsoft.NET\Framework64\v4.0.30319\Config\web.config"
    using System.Collections.Specialized;
    
    #line default
    #line hidden
    
    #line 318 "C:\Windows\Microsoft.NET\Framework64\v4.0.30319\Config\web.config"
    using System.Web.SessionState;
    
    #line default
    #line hidden
    
    #line 6 "D:\Sites\clients\ipulse\websites\ipulse_2016\FWI_Modules\user\ProductList.ascx"
    using System.Web.DynamicData;
    
    #line default
    #line hidden
    
    
    [System.Runtime.CompilerServices.CompilerGlobalScopeAttribute()]
    public class fwi_modules_user_productlist_ascx : global::ipulse_2016_FWI_Modules_user_ProductList {
        
        private static bool @__initialized;
        
        [System.Diagnostics.DebuggerNonUserCodeAttribute()]
        public fwi_modules_user_productlist_ascx() {
            
            #line 912304 "D:\Sites\clients\ipulse\websites\ipulse_2016\FWI_Modules\user\ProductList.ascx.cs"
            ((global::System.Web.UI.UserControl)(this)).AppRelativeVirtualPath = "~/FWI_Modules/user/ProductList.ascx";
            
            #line default
            #line hidden
            if ((global::ASP.fwi_modules_user_productlist_ascx.@__initialized == false)) {
                global::ASP.fwi_modules_user_productlist_ascx.@__initialized = true;
            }
        }
        
        [System.Diagnostics.DebuggerNonUserCodeAttribute()]
        private global::System.Web.UI.WebControls.Literal @__BuildControlproductsHtml() {
            global::System.Web.UI.WebControls.Literal @__ctrl;
            
            #line 6 "D:\Sites\clients\ipulse\websites\ipulse_2016\FWI_Modules\user\ProductList.ascx"
            @__ctrl = new global::System.Web.UI.WebControls.Literal();
            
            #line default
            #line hidden
            this.productsHtml = @__ctrl;
            
            #line 6 "D:\Sites\clients\ipulse\websites\ipulse_2016\FWI_Modules\user\ProductList.ascx"
            @__ctrl.ID = "productsHtml";
            
            #line default
            #line hidden
            return @__ctrl;
        }
        
        [System.Diagnostics.DebuggerNonUserCodeAttribute()]
        private void @__BuildControlTree(fwi_modules_user_productlist_ascx @__ctrl) {
            System.Web.UI.IParserAccessor @__parser = ((System.Web.UI.IParserAccessor)(@__ctrl));
            
            #line 1 "D:\Sites\clients\ipulse\websites\ipulse_2016\FWI_Modules\user\ProductList.ascx"
            @__parser.AddParsedSubObject(new System.Web.UI.LiteralControl("\r\n\r\n<div class=\'products-container container\' style=\"margin-bottom: 22px;margin-t" +
                        "op: 55px;\">\r\n    <div class=\"container-fluid\">\r\n        <div class=\"row\">\r\n     " +
                        "       "));
            
            #line default
            #line hidden
            global::System.Web.UI.WebControls.Literal @__ctrl1;
            
            #line 1 "D:\Sites\clients\ipulse\websites\ipulse_2016\FWI_Modules\user\ProductList.ascx"
            @__ctrl1 = this.@__BuildControlproductsHtml();
            
            #line default
            #line hidden
            
            #line 1 "D:\Sites\clients\ipulse\websites\ipulse_2016\FWI_Modules\user\ProductList.ascx"
            @__parser.AddParsedSubObject(@__ctrl1);
            
            #line default
            #line hidden
            
            #line 1 "D:\Sites\clients\ipulse\websites\ipulse_2016\FWI_Modules\user\ProductList.ascx"
            @__parser.AddParsedSubObject(new System.Web.UI.LiteralControl("\r\n        </div>\r\n    </div>\r\n</div>\r\n\r\n\r\n"));
            
            #line default
            #line hidden
        }
        
        
        #line 912304 "D:\Sites\clients\ipulse\websites\ipulse_2016\FWI_Modules\user\ProductList.ascx.cs"
        [System.Diagnostics.DebuggerNonUserCodeAttribute()]
        protected override void FrameworkInitialize() {
            base.FrameworkInitialize();
            this.@__BuildControlTree(this);
        }
        
        #line default
        #line hidden
    }
}

WebEventCode : 0
ErrorCode : -2147467259
Data : System.Collections.ListDictionaryInternal
TargetSite : System.Web.Compilation.BuildResult CompileWebFile(System.Web.VirtualPath)
HResult : -2147467259
Stack Trace :    at System.Web.Compilation.BuildManager.CompileWebFile(VirtualPath virtualPath)
   at System.Web.Compilation.BuildManager.GetVPathBuildResultInternal(VirtualPath virtualPath, Boolean noBuild, Boolean allowCrossApp, Boolean allowBuildInPrecompile, Boolean throwIfNotFound, Boolean ensureIsUpToDate)
   at System.Web.Compilation.BuildManager.GetVPathBuildResultWithNoAssert(HttpContext context, VirtualPath virtualPath, Boolean noBuild, Boolean allowCrossApp, Boolean allowBuildInPrecompile, Boolean throwIfNotFound, Boolean ensureIsUpToDate)
   at System.Web.Compilation.BuildManager.GetVPathBuildResult(HttpContext context, VirtualPath virtualPath, Boolean noBuild, Boolean allowCrossApp, Boolean allowBuildInPrecompile, Boolean ensureIsUpToDate)
   at System.Web.UI.TemplateControl.LoadControl(VirtualPath virtualPath)
   at Telerik.Sitefinity.Web.UI.UserControlWrapper.OnInit(EventArgs e)
   at System.Web.UI.Control.InitRecursive(Control namingContainer)
   at System.Web.UI.Control.InitRecursive(Control namingContainer)
   at System.Web.UI.Control.InitRecursive(Control namingContainer)
   at System.Web.UI.Control.InitRecursive(Control namingContainer)
   at System.Web.UI.Control.InitRecursive(Control namingContainer)
   at System.Web.UI.Control.InitRecursive(Control namingContainer)
   at System.Web.UI.Control.InitRecursive(Control namingContainer)
   at System.Web.UI.Control.InitRecursive(Control namingContainer)
   at System.Web.UI.Page.ProcessRequestMain(Boolean includeStagesBeforeAsyncPoint, Boolean includeStagesAfterAsyncPoint)
   at System.Web.UI.Page.ProcessRequest(Boolean includeStagesBeforeAsyncPoint, Boolean includeStagesAfterAsyncPoint)
   at System.Web.UI.Page.ProcessRequest()
   at System.Web.UI.Page.ProcessRequest(HttpContext context)
   at ASP.sfpageservice_cf4354a4_75a4_62bd_81a2_ff00002f4c9e_basic_aspx.ProcessRequest(HttpContext context) in c:\Windows\Microsoft.NET\Framework64\v4.0.30319\Temporary ASP.NET Files\root\01760ab5\4e0a9792\App_Web_cf4354a4-75a4-62bd-81a2-ff00002f4c9e_basic.aspx.d63928b6.zlifqwxj.0.cs:line 0
   at System.Web.HttpApplication.CallHandlerExecutionStep.System.Web.HttpApplication.IExecutionStep.Execute()
   at System.Web.HttpApplication.ExecuteStep(IExecutionStep step, Boolean& completedSynchronously)

Additional Info:

MachineName : GOBLIN
TimeStamp : 7/11/2016 8:18:26 AM
FullName : Telerik.Sitefinity.Utilities, Version=9.0.6010.0, Culture=neutral, PublicKeyToken=b28c218413bdf563
AppDomainName : /LM/W3SVC/155/ROOT-1-131126985068836718
ThreadIdentity : 
WindowsIdentity : GOBLIN\alonberman
Requested URL : http://ipulse_2016.testfire.co.za/products/biometric-and-card-reader


Category: ErrorLog

Priority: 0

EventId: 90000

Severity: Error

Title:Enterprise Library Exception Handling

Machine: GOBLIN

App Domain: /LM/W3SVC/155/ROOT-1-131126985068836718

ProcessId: 3676

Process Name: c:\windows\system32\inetsrv\w3wp.exe

Thread Name: 

Win32 ThreadId:3888

Extended Properties: 
----------------------------------------
----------------------------------------
Timestamp: 7/11/2016 8:18:32 AM

Message: HandlingInstanceID: db70cbf1-c5f3-40a6-9dd3-eb98a9f099b6
An exception of type 'System.Web.HttpCompileException' occurred and was caught.
-------------------------------------------------------------------------------
07/11/2016 10:18:32
Type : System.Web.HttpCompileException, System.Web, Version=4.0.0.0, Culture=neutral, PublicKeyToken=b03f5f7f11d50a3a
Message : d:\Sites\clients\ipulse\websites\ipulse_2016\FWI_Modules\user\ProductList.ascx.cs(18): error CS1002: ; expected
Source : System.Web
Help link : 
Results : System.CodeDom.Compiler.CompilerResults
SourceCode : #pragma checksum "D:\Sites\clients\ipulse\websites\ipulse_2016\FWI_Modules\user\ProductList.ascx" "{ff1816ec-aa5e-4d10-87f7-6f4963833460}" "553249906203539562F464858E617D1F7836D5B9"
//------------------------------------------------------------------------------
// <auto-generated>
//     This code was generated by a tool.
//     Runtime Version:4.0.30319.18449
//
//     Changes to this file may cause incorrect behavior and will be lost if
//     the code is regenerated.
// </auto-generated>
//------------------------------------------------------------------------------



public partial class ipulse_2016_FWI_Modules_user_ProductList {
    
    
    #line 6 "D:\Sites\clients\ipulse\websites\ipulse_2016\FWI_Modules\user\ProductList.ascx"
    protected global::System.Web.UI.WebControls.Literal productsHtml;
    
    #line default
    #line hidden
    
    protected System.Web.Profile.DefaultProfile Profile {
        get {
            return ((System.Web.Profile.DefaultProfile)(this.Context.Profile));
        }
    }
    
    protected ASP.global_asax ApplicationInstance {
        get {
            return ((ASP.global_asax)(this.Context.ApplicationInstance));
        }
    }
}
namespace ASP {
    
    #line 312 "C:\Windows\Microsoft.NET\Framework64\v4.0.30319\Config\web.config"
    using System.Linq;
    
    #line default
    #line hidden
    
    #line 319 "C:\Windows\Microsoft.NET\Framework64\v4.0.30319\Config\web.config"
    using System.Web.Security;
    
    #line default
    #line hidden
    
    #line 310 "C:\Windows\Microsoft.NET\Framework64\v4.0.30319\Config\web.config"
    using System.ComponentModel.DataAnnotations;
    
    #line default
    #line hidden
    
    #line 308 "C:\Windows\Microsoft.NET\Framework64\v4.0.30319\Config\web.config"
    using System.Collections.Generic;
    
    #line default
    #line hidden
    
    #line 314 "C:\Windows\Microsoft.NET\Framework64\v4.0.30319\Config\web.config"
    using System.Text.RegularExpressions;
    
    #line default
    #line hidden
    
    #line 6 "D:\Sites\clients\ipulse\websites\ipulse_2016\FWI_Modules\user\ProductList.ascx"
    using System.Web.UI.WebControls;
    
    #line default
    #line hidden
    
    #line 325 "C:\Windows\Microsoft.NET\Framework64\v4.0.30319\Config\web.config"
    using System.Xml.Linq;
    
    #line default
    #line hidden
    
    #line 6 "D:\Sites\clients\ipulse\websites\ipulse_2016\FWI_Modules\user\ProductList.ascx"
    using System.Web.UI;
    
    #line default
    #line hidden
    
    #line 324 "C:\Windows\Microsoft.NET\Framework64\v4.0.30319\Config\web.config"
    using System.Web.UI.HtmlControls;
    
    #line default
    #line hidden
    
    #line 315 "C:\Windows\Microsoft.NET\Framework64\v4.0.30319\Config\web.config"
    using System.Web;
    
    #line default
    #line hidden
    
    #line 311 "C:\Windows\Microsoft.NET\Framework64\v4.0.30319\Config\web.config"
    using System.Configuration;
    
    #line default
    #line hidden
    
    #line 306 "C:\Windows\Microsoft.NET\Framework64\v4.0.30319\Config\web.config"
    using System;
    
    #line default
    #line hidden
    
    #line 313 "C:\Windows\Microsoft.NET\Framework64\v4.0.30319\Config\web.config"
    using System.Text;
    
    #line default
    #line hidden
    
    #line 320 "C:\Windows\Microsoft.NET\Framework64\v4.0.30319\Config\web.config"
    using System.Web.Profile;
    
    #line default
    #line hidden
    
    #line 316 "C:\Windows\Microsoft.NET\Framework64\v4.0.30319\Config\web.config"
    using System.Web.Caching;
    
    #line default
    #line hidden
    
    #line 307 "C:\Windows\Microsoft.NET\Framework64\v4.0.30319\Config\web.config"
    using System.Collections;
    
    #line default
    #line hidden
    
    #line 6 "D:\Sites\clients\ipulse\websites\ipulse_2016\FWI_Modules\user\ProductList.ascx"
    using System.Web.UI.WebControls.WebParts;
    
    #line default
    #line hidden
    
    #line 6 "D:\Sites\clients\ipulse\websites\ipulse_2016\FWI_Modules\user\ProductList.ascx"
    using System.Web.UI.WebControls.Expressions;
    
    #line default
    #line hidden
    
    #line 309 "C:\Windows\Microsoft.NET\Framework64\v4.0.30319\Config\web.config"
    using System.Collections.Specialized;
    
    #line default
    #line hidden
    
    #line 318 "C:\Windows\Microsoft.NET\Framework64\v4.0.30319\Config\web.config"
    using System.Web.SessionState;
    
    #line default
    #line hidden
    
    #line 6 "D:\Sites\clients\ipulse\websites\ipulse_2016\FWI_Modules\user\ProductList.ascx"
    using System.Web.DynamicData;
    
    #line default
    #line hidden
    
    
    [System.Runtime.CompilerServices.CompilerGlobalScopeAttribute()]
    public class fwi_modules_user_productlist_ascx : global::ipulse_2016_FWI_Modules_user_ProductList {
        
        private static bool @__initialized;
        
        [System.Diagnostics.DebuggerNonUserCodeAttribute()]
        public fwi_modules_user_productlist_ascx() {
            
            #line 912304 "D:\Sites\clients\ipulse\websites\ipulse_2016\FWI_Modules\user\ProductList.ascx.cs"
            ((global::System.Web.UI.UserControl)(this)).AppRelativeVirtualPath = "~/FWI_Modules/user/ProductList.ascx";
            
            #line default
            #line hidden
            if ((global::ASP.fwi_modules_user_productlist_ascx.@__initialized == false)) {
                global::ASP.fwi_modules_user_productlist_ascx.@__initialized = true;
            }
        }
        
        [System.Diagnostics.DebuggerNonUserCodeAttribute()]
        private global::System.Web.UI.WebControls.Literal @__BuildControlproductsHtml() {
            global::System.Web.UI.WebControls.Literal @__ctrl;
            
            #line 6 "D:\Sites\clients\ipulse\websites\ipulse_2016\FWI_Modules\user\ProductList.ascx"
            @__ctrl = new global::System.Web.UI.WebControls.Literal();
            
            #line default
            #line hidden
            this.productsHtml = @__ctrl;
            
            #line 6 "D:\Sites\clients\ipulse\websites\ipulse_2016\FWI_Modules\user\ProductList.ascx"
            @__ctrl.ID = "productsHtml";
            
            #line default
            #line hidden
            return @__ctrl;
        }
        
        [System.Diagnostics.DebuggerNonUserCodeAttribute()]
        private void @__BuildControlTree(fwi_modules_user_productlist_ascx @__ctrl) {
            System.Web.UI.IParserAccessor @__parser = ((System.Web.UI.IParserAccessor)(@__ctrl));
            
            #line 1 "D:\Sites\clients\ipulse\websites\ipulse_2016\FWI_Modules\user\ProductList.ascx"
            @__parser.AddParsedSubObject(new System.Web.UI.LiteralControl("\r\n\r\n<div class=\'products-container container\' style=\"margin-bottom: 22px;margin-t" +
                        "op: 55px;\">\r\n    <div class=\"container-fluid\">\r\n        <div class=\"row\">\r\n     " +
                        "       "));
            
            #line default
            #line hidden
            global::System.Web.UI.WebControls.Literal @__ctrl1;
            
            #line 1 "D:\Sites\clients\ipulse\websites\ipulse_2016\FWI_Modules\user\ProductList.ascx"
            @__ctrl1 = this.@__BuildControlproductsHtml();
            
            #line default
            #line hidden
            
            #line 1 "D:\Sites\clients\ipulse\websites\ipulse_2016\FWI_Modules\user\ProductList.ascx"
            @__parser.AddParsedSubObject(@__ctrl1);
            
            #line default
            #line hidden
            
            #line 1 "D:\Sites\clients\ipulse\websites\ipulse_2016\FWI_Modules\user\ProductList.ascx"
            @__parser.AddParsedSubObject(new System.Web.UI.LiteralControl("\r\n        </div>\r\n    </div>\r\n</div>\r\n\r\n\r\n"));
            
            #line default
            #line hidden
        }
        
        
        #line 912304 "D:\Sites\clients\ipulse\websites\ipulse_2016\FWI_Modules\user\ProductList.ascx.cs"
        [System.Diagnostics.DebuggerNonUserCodeAttribute()]
        protected override void FrameworkInitialize() {
            base.FrameworkInitialize();
            this.@__BuildControlTree(this);
        }
        
        #line default
        #line hidden
    }
}

WebEventCode : 0
ErrorCode : -2147467259
Data : System.Collections.ListDictionaryInternal
TargetSite : System.Web.Compilation.BuildResult CompileWebFile(System.Web.VirtualPath)
HResult : -2147467259
Stack Trace :    at System.Web.Compilation.BuildManager.CompileWebFile(VirtualPath virtualPath)
   at System.Web.Compilation.BuildManager.GetVPathBuildResultInternal(VirtualPath virtualPath, Boolean noBuild, Boolean allowCrossApp, Boolean allowBuildInPrecompile, Boolean throwIfNotFound, Boolean ensureIsUpToDate)
   at System.Web.Compilation.BuildManager.GetVPathBuildResultWithNoAssert(HttpContext context, VirtualPath virtualPath, Boolean noBuild, Boolean allowCrossApp, Boolean allowBuildInPrecompile, Boolean throwIfNotFound, Boolean ensureIsUpToDate)
   at System.Web.Compilation.BuildManager.GetVPathBuildResult(HttpContext context, VirtualPath virtualPath, Boolean noBuild, Boolean allowCrossApp, Boolean allowBuildInPrecompile, Boolean ensureIsUpToDate)
   at System.Web.UI.TemplateControl.LoadControl(VirtualPath virtualPath)
   at Telerik.Sitefinity.Web.UI.UserControlWrapper.OnInit(EventArgs e)
   at System.Web.UI.Control.InitRecursive(Control namingContainer)
   at System.Web.UI.Control.InitRecursive(Control namingContainer)
   at System.Web.UI.Control.InitRecursive(Control namingContainer)
   at System.Web.UI.Control.InitRecursive(Control namingContainer)
   at System.Web.UI.Control.InitRecursive(Control namingContainer)
   at System.Web.UI.Control.InitRecursive(Control namingContainer)
   at System.Web.UI.Control.InitRecursive(Control namingContainer)
   at System.Web.UI.Control.InitRecursive(Control namingContainer)
   at System.Web.UI.Page.ProcessRequestMain(Boolean includeStagesBeforeAsyncPoint, Boolean includeStagesAfterAsyncPoint)
   at System.Web.UI.Page.ProcessRequest(Boolean includeStagesBeforeAsyncPoint, Boolean includeStagesAfterAsyncPoint)
   at System.Web.UI.Page.ProcessRequest()
   at System.Web.UI.Page.ProcessRequest(HttpContext context)
   at ASP.sfpageservice_cf4354a4_75a4_62bd_81a2_ff00002f4c9e_basic_aspx.ProcessRequest(HttpContext context) in c:\Windows\Microsoft.NET\Framework64\v4.0.30319\Temporary ASP.NET Files\root\01760ab5\4e0a9792\App_Web_cf4354a4-75a4-62bd-81a2-ff00002f4c9e_basic.aspx.d63928b6.zlifqwxj.0.cs:line 0
   at System.Web.HttpApplication.CallHandlerExecutionStep.System.Web.HttpApplication.IExecutionStep.Execute()
   at System.Web.HttpApplication.ExecuteStep(IExecutionStep step, Boolean& completedSynchronously)

Additional Info:

MachineName : GOBLIN
TimeStamp : 7/11/2016 8:18:32 AM
FullName : Telerik.Sitefinity.Utilities, Version=9.0.6010.0, Culture=neutral, PublicKeyToken=b28c218413bdf563
AppDomainName : /LM/W3SVC/155/ROOT-1-131126985068836718
ThreadIdentity : 
WindowsIdentity : GOBLIN\alonberman
Requested URL : http://ipulse_2016.testfire.co.za/products/biometric-and-card-reader


Category: ErrorLog

Priority: 0

EventId: 90000

Severity: Error

Title:Enterprise Library Exception Handling

Machine: GOBLIN

App Domain: /LM/W3SVC/155/ROOT-1-131126985068836718

ProcessId: 3676

Process Name: c:\windows\system32\inetsrv\w3wp.exe

Thread Name: 

Win32 ThreadId:13372

Extended Properties: 
----------------------------------------
----------------------------------------
Timestamp: 7/11/2016 8:19:03 AM

Message: HandlingInstanceID: 0bbe4902-00cc-43c0-9fbd-2f090016f2ca
An exception of type 'System.Web.HttpCompileException' occurred and was caught.
-------------------------------------------------------------------------------
07/11/2016 10:19:03
Type : System.Web.HttpCompileException, System.Web, Version=4.0.0.0, Culture=neutral, PublicKeyToken=b03f5f7f11d50a3a
Message : d:\Sites\clients\ipulse\websites\ipulse_2016\FWI_Modules\user\ProductList.ascx.cs(105): error CS0118: 'Telerik.Sitefinity.DynamicModules.Model.ChoiceOption' is a 'type' but is used like a 'variable'
Source : System.Web
Help link : 
Results : System.CodeDom.Compiler.CompilerResults
SourceCode : #pragma checksum "D:\Sites\clients\ipulse\websites\ipulse_2016\FWI_Modules\user\ProductList.ascx" "{ff1816ec-aa5e-4d10-87f7-6f4963833460}" "553249906203539562F464858E617D1F7836D5B9"
//------------------------------------------------------------------------------
// <auto-generated>
//     This code was generated by a tool.
//     Runtime Version:4.0.30319.18449
//
//     Changes to this file may cause incorrect behavior and will be lost if
//     the code is regenerated.
// </auto-generated>
//------------------------------------------------------------------------------



public partial class ipulse_2016_FWI_Modules_user_ProductList {
    
    
    #line 6 "D:\Sites\clients\ipulse\websites\ipulse_2016\FWI_Modules\user\ProductList.ascx"
    protected global::System.Web.UI.WebControls.Literal productsHtml;
    
    #line default
    #line hidden
    
    protected System.Web.Profile.DefaultProfile Profile {
        get {
            return ((System.Web.Profile.DefaultProfile)(this.Context.Profile));
        }
    }
    
    protected ASP.global_asax ApplicationInstance {
        get {
            return ((ASP.global_asax)(this.Context.ApplicationInstance));
        }
    }
}
namespace ASP {
    
    #line 312 "C:\Windows\Microsoft.NET\Framework64\v4.0.30319\Config\web.config"
    using System.Linq;
    
    #line default
    #line hidden
    
    #line 319 "C:\Windows\Microsoft.NET\Framework64\v4.0.30319\Config\web.config"
    using System.Web.Security;
    
    #line default
    #line hidden
    
    #line 310 "C:\Windows\Microsoft.NET\Framework64\v4.0.30319\Config\web.config"
    using System.ComponentModel.DataAnnotations;
    
    #line default
    #line hidden
    
    #line 308 "C:\Windows\Microsoft.NET\Framework64\v4.0.30319\Config\web.config"
    using System.Collections.Generic;
    
    #line default
    #line hidden
    
    #line 314 "C:\Windows\Microsoft.NET\Framework64\v4.0.30319\Config\web.config"
    using System.Text.RegularExpressions;
    
    #line default
    #line hidden
    
    #line 6 "D:\Sites\clients\ipulse\websites\ipulse_2016\FWI_Modules\user\ProductList.ascx"
    using System.Web.UI.WebControls;
    
    #line default
    #line hidden
    
    #line 325 "C:\Windows\Microsoft.NET\Framework64\v4.0.30319\Config\web.config"
    using System.Xml.Linq;
    
    #line default
    #line hidden
    
    #line 6 "D:\Sites\clients\ipulse\websites\ipulse_2016\FWI_Modules\user\ProductList.ascx"
    using System.Web.UI;
    
    #line default
    #line hidden
    
    #line 324 "C:\Windows\Microsoft.NET\Framework64\v4.0.30319\Config\web.config"
    using System.Web.UI.HtmlControls;
    
    #line default
    #line hidden
    
    #line 315 "C:\Windows\Microsoft.NET\Framework64\v4.0.30319\Config\web.config"
    using System.Web;
    
    #line default
    #line hidden
    
    #line 311 "C:\Windows\Microsoft.NET\Framework64\v4.0.30319\Config\web.config"
    using System.Configuration;
    
    #line default
    #line hidden
    
    #line 306 "C:\Windows\Microsoft.NET\Framework64\v4.0.30319\Config\web.config"
    using System;
    
    #line default
    #line hidden
    
    #line 313 "C:\Windows\Microsoft.NET\Framework64\v4.0.30319\Config\web.config"
    using System.Text;
    
    #line default
    #line hidden
    
    #line 320 "C:\Windows\Microsoft.NET\Framework64\v4.0.30319\Config\web.config"
    using System.Web.Profile;
    
    #line default
    #line hidden
    
    #line 316 "C:\Windows\Microsoft.NET\Framework64\v4.0.30319\Config\web.config"
    using System.Web.Caching;
    
    #line default
    #line hidden
    
    #line 307 "C:\Windows\Microsoft.NET\Framework64\v4.0.30319\Config\web.config"
    using System.Collections;
    
    #line default
    #line hidden
    
    #line 6 "D:\Sites\clients\ipulse\websites\ipulse_2016\FWI_Modules\user\ProductList.ascx"
    using System.Web.UI.WebControls.WebParts;
    
    #line default
    #line hidden
    
    #line 6 "D:\Sites\clients\ipulse\websites\ipulse_2016\FWI_Modules\user\ProductList.ascx"
    using System.Web.UI.WebControls.Expressions;
    
    #line default
    #line hidden
    
    #line 309 "C:\Windows\Microsoft.NET\Framework64\v4.0.30319\Config\web.config"
    using System.Collections.Specialized;
    
    #line default
    #line hidden
    
    #line 318 "C:\Windows\Microsoft.NET\Framework64\v4.0.30319\Config\web.config"
    using System.Web.SessionState;
    
    #line default
    #line hidden
    
    #line 6 "D:\Sites\clients\ipulse\websites\ipulse_2016\FWI_Modules\user\ProductList.ascx"
    using System.Web.DynamicData;
    
    #line default
    #line hidden
    
    
    [System.Runtime.CompilerServices.CompilerGlobalScopeAttribute()]
    public class fwi_modules_user_productlist_ascx : global::ipulse_2016_FWI_Modules_user_ProductList {
        
        private static bool @__initialized;
        
        [System.Diagnostics.DebuggerNonUserCodeAttribute()]
        public fwi_modules_user_productlist_ascx() {
            
            #line 912304 "D:\Sites\clients\ipulse\websites\ipulse_2016\FWI_Modules\user\ProductList.ascx.cs"
            ((global::System.Web.UI.UserControl)(this)).AppRelativeVirtualPath = "~/FWI_Modules/user/ProductList.ascx";
            
            #line default
            #line hidden
            if ((global::ASP.fwi_modules_user_productlist_ascx.@__initialized == false)) {
                global::ASP.fwi_modules_user_productlist_ascx.@__initialized = true;
            }
        }
        
        [System.Diagnostics.DebuggerNonUserCodeAttribute()]
        private global::System.Web.UI.WebControls.Literal @__BuildControlproductsHtml() {
            global::System.Web.UI.WebControls.Literal @__ctrl;
            
            #line 6 "D:\Sites\clients\ipulse\websites\ipulse_2016\FWI_Modules\user\ProductList.ascx"
            @__ctrl = new global::System.Web.UI.WebControls.Literal();
            
            #line default
            #line hidden
            this.productsHtml = @__ctrl;
            
            #line 6 "D:\Sites\clients\ipulse\websites\ipulse_2016\FWI_Modules\user\ProductList.ascx"
            @__ctrl.ID = "productsHtml";
            
            #line default
            #line hidden
            return @__ctrl;
        }
        
        [System.Diagnostics.DebuggerNonUserCodeAttribute()]
        private void @__BuildControlTree(fwi_modules_user_productlist_ascx @__ctrl) {
            System.Web.UI.IParserAccessor @__parser = ((System.Web.UI.IParserAccessor)(@__ctrl));
            
            #line 1 "D:\Sites\clients\ipulse\websites\ipulse_2016\FWI_Modules\user\ProductList.ascx"
            @__parser.AddParsedSubObject(new System.Web.UI.LiteralControl("\r\n\r\n<div class=\'products-container container\' style=\"margin-bottom: 22px;margin-t" +
                        "op: 55px;\">\r\n    <div class=\"container-fluid\">\r\n        <div class=\"row\">\r\n     " +
                        "       "));
            
            #line default
            #line hidden
            global::System.Web.UI.WebControls.Literal @__ctrl1;
            
            #line 1 "D:\Sites\clients\ipulse\websites\ipulse_2016\FWI_Modules\user\ProductList.ascx"
            @__ctrl1 = this.@__BuildControlproductsHtml();
            
            #line default
            #line hidden
            
            #line 1 "D:\Sites\clients\ipulse\websites\ipulse_2016\FWI_Modules\user\ProductList.ascx"
            @__parser.AddParsedSubObject(@__ctrl1);
            
            #line default
            #line hidden
            
            #line 1 "D:\Sites\clients\ipulse\websites\ipulse_2016\FWI_Modules\user\ProductList.ascx"
            @__parser.AddParsedSubObject(new System.Web.UI.LiteralControl("\r\n        </div>\r\n    </div>\r\n</div>\r\n\r\n\r\n"));
            
            #line default
            #line hidden
        }
        
        
        #line 912304 "D:\Sites\clients\ipulse\websites\ipulse_2016\FWI_Modules\user\ProductList.ascx.cs"
        [System.Diagnostics.DebuggerNonUserCodeAttribute()]
        protected override void FrameworkInitialize() {
            base.FrameworkInitialize();
            this.@__BuildControlTree(this);
        }
        
        #line default
        #line hidden
    }
}

WebEventCode : 0
ErrorCode : -2147467259
Data : System.Collections.ListDictionaryInternal
TargetSite : System.Web.Compilation.BuildResult CompileWebFile(System.Web.VirtualPath)
HResult : -2147467259
Stack Trace :    at System.Web.Compilation.BuildManager.CompileWebFile(VirtualPath virtualPath)
   at System.Web.Compilation.BuildManager.GetVPathBuildResultInternal(VirtualPath virtualPath, Boolean noBuild, Boolean allowCrossApp, Boolean allowBuildInPrecompile, Boolean throwIfNotFound, Boolean ensureIsUpToDate)
   at System.Web.Compilation.BuildManager.GetVPathBuildResultWithNoAssert(HttpContext context, VirtualPath virtualPath, Boolean noBuild, Boolean allowCrossApp, Boolean allowBuildInPrecompile, Boolean throwIfNotFound, Boolean ensureIsUpToDate)
   at System.Web.Compilation.BuildManager.GetVPathBuildResult(HttpContext context, VirtualPath virtualPath, Boolean noBuild, Boolean allowCrossApp, Boolean allowBuildInPrecompile, Boolean ensureIsUpToDate)
   at System.Web.UI.TemplateControl.LoadControl(VirtualPath virtualPath)
   at Telerik.Sitefinity.Web.UI.UserControlWrapper.OnInit(EventArgs e)
   at System.Web.UI.Control.InitRecursive(Control namingContainer)
   at System.Web.UI.Control.InitRecursive(Control namingContainer)
   at System.Web.UI.Control.InitRecursive(Control namingContainer)
   at System.Web.UI.Control.InitRecursive(Control namingContainer)
   at System.Web.UI.Control.InitRecursive(Control namingContainer)
   at System.Web.UI.Control.InitRecursive(Control namingContainer)
   at System.Web.UI.Control.InitRecursive(Control namingContainer)
   at System.Web.UI.Control.InitRecursive(Control namingContainer)
   at System.Web.UI.Page.ProcessRequestMain(Boolean includeStagesBeforeAsyncPoint, Boolean includeStagesAfterAsyncPoint)
   at System.Web.UI.Page.ProcessRequest(Boolean includeStagesBeforeAsyncPoint, Boolean includeStagesAfterAsyncPoint)
   at System.Web.UI.Page.ProcessRequest()
   at System.Web.UI.Page.ProcessRequest(HttpContext context)
   at ASP.sfpageservice_cf4354a4_75a4_62bd_81a2_ff00002f4c9e_basic_aspx.ProcessRequest(HttpContext context) in c:\Windows\Microsoft.NET\Framework64\v4.0.30319\Temporary ASP.NET Files\root\01760ab5\4e0a9792\App_Web_cf4354a4-75a4-62bd-81a2-ff00002f4c9e_basic.aspx.d63928b6.zlifqwxj.0.cs:line 0
   at System.Web.HttpApplication.CallHandlerExecutionStep.System.Web.HttpApplication.IExecutionStep.Execute()
   at System.Web.HttpApplication.ExecuteStep(IExecutionStep step, Boolean& completedSynchronously)

Additional Info:

MachineName : GOBLIN
TimeStamp : 7/11/2016 8:19:03 AM
FullName : Telerik.Sitefinity.Utilities, Version=9.0.6010.0, Culture=neutral, PublicKeyToken=b28c218413bdf563
AppDomainName : /LM/W3SVC/155/ROOT-1-131126985068836718
ThreadIdentity : 
WindowsIdentity : GOBLIN\alonberman
Requested URL : http://ipulse_2016.testfire.co.za/products/biometric-and-card-reader


Category: ErrorLog

Priority: 0

EventId: 90000

Severity: Error

Title:Enterprise Library Exception Handling

Machine: GOBLIN

App Domain: /LM/W3SVC/155/ROOT-1-131126985068836718

ProcessId: 3676

Process Name: c:\windows\system32\inetsrv\w3wp.exe

Thread Name: 

Win32 ThreadId:13372

Extended Properties: 
----------------------------------------
----------------------------------------
Timestamp: 7/11/2016 1:04:02 PM

Message: HandlingInstanceID: 94341506-8e56-44ec-a65d-7f4913abb78b
An exception of type 'System.InvalidCastException' occurred and was caught.
---------------------------------------------------------------------------
07/11/2016 15:04:02
Type : System.InvalidCastException, mscorlib, Version=4.0.0.0, Culture=neutral, PublicKeyToken=b77a5c561934e089
Message : Unable to cast object of type 'Telerik.Sitefinity.DynamicModules.Model.ChoiceOption[]' to type 'System.String[]'.
Source : Telerik.Sitefinity.Model
Help link : 
Data : System.Collections.ListDictionaryInternal
TargetSite : TValue GetValue[TValue](Telerik.Sitefinity.Model.IDynamicFieldsContainer, System.String)
HResult : -2147467262
Stack Trace :    at Telerik.Sitefinity.Model.DataExtensions.GetValue[TValue](IDynamicFieldsContainer dataItem, String fieldName)
   at ipulse_2016_FWI_Modules_user_ProductList.GetProductList(String strTitle) in d:\Sites\clients\ipulse\websites\ipulse_2016\FWI_Modules\user\ProductList.ascx.cs:line 77
   at ipulse_2016_FWI_Modules_user_ProductList.Page_Load(Object sender, EventArgs e) in d:\Sites\clients\ipulse\websites\ipulse_2016\FWI_Modules\user\ProductList.ascx.cs:line 26
   at System.Web.UI.Control.LoadRecursive()
   at System.Web.UI.Control.LoadRecursive()
   at System.Web.UI.Control.LoadRecursive()
   at System.Web.UI.Control.LoadRecursive()
   at System.Web.UI.Control.LoadRecursive()
   at System.Web.UI.Control.LoadRecursive()
   at System.Web.UI.Control.LoadRecursive()
   at System.Web.UI.Control.LoadRecursive()
   at System.Web.UI.Control.LoadRecursive()
   at System.Web.UI.Page.ProcessRequestMain(Boolean includeStagesBeforeAsyncPoint, Boolean includeStagesAfterAsyncPoint)

Additional Info:

MachineName : GOBLIN
TimeStamp : 7/11/2016 1:04:02 PM
FullName : Telerik.Sitefinity.Utilities, Version=9.0.6010.0, Culture=neutral, PublicKeyToken=b28c218413bdf563
AppDomainName : /LM/W3SVC/155/ROOT-1-131127120042087690
ThreadIdentity : 
WindowsIdentity : GOBLIN\alonberman
Requested URL : http://ipulse_2016.testfire.co.za/products/biometric-and-card-reader


Category: ErrorLog

Priority: 0

EventId: 90000

Severity: Error

Title:Enterprise Library Exception Handling

Machine: GOBLIN

App Domain: /LM/W3SVC/155/ROOT-1-131127120042087690

ProcessId: 14608

Process Name: c:\windows\system32\inetsrv\w3wp.exe

Thread Name: 

Win32 ThreadId:12280

Extended Properties: 
----------------------------------------
----------------------------------------
Timestamp: 7/11/2016 1:05:11 PM

Message: HandlingInstanceID: fa0dd705-12a7-4468-bba6-93a08af82782
An exception of type 'System.InvalidCastException' occurred and was caught.
---------------------------------------------------------------------------
07/11/2016 15:05:11
Type : System.InvalidCastException, mscorlib, Version=4.0.0.0, Culture=neutral, PublicKeyToken=b77a5c561934e089
Message : Unable to cast object of type 'Telerik.Sitefinity.DynamicModules.Model.ChoiceOption[]' to type 'System.String[]'.
Source : Telerik.Sitefinity.Model
Help link : 
Data : System.Collections.ListDictionaryInternal
TargetSite : TValue GetValue[TValue](Telerik.Sitefinity.Model.IDynamicFieldsContainer, System.String)
HResult : -2147467262
Stack Trace :    at Telerik.Sitefinity.Model.DataExtensions.GetValue[TValue](IDynamicFieldsContainer dataItem, String fieldName)
   at ipulse_2016_FWI_Modules_user_ProductList.GetProductList(String strTitle) in d:\Sites\clients\ipulse\websites\ipulse_2016\FWI_Modules\user\ProductList.ascx.cs:line 77
   at ipulse_2016_FWI_Modules_user_ProductList.Page_Load(Object sender, EventArgs e) in d:\Sites\clients\ipulse\websites\ipulse_2016\FWI_Modules\user\ProductList.ascx.cs:line 26
   at System.Web.UI.Control.LoadRecursive()
   at System.Web.UI.Control.LoadRecursive()
   at System.Web.UI.Control.LoadRecursive()
   at System.Web.UI.Control.LoadRecursive()
   at System.Web.UI.Control.LoadRecursive()
   at System.Web.UI.Control.LoadRecursive()
   at System.Web.UI.Control.LoadRecursive()
   at System.Web.UI.Control.LoadRecursive()
   at System.Web.UI.Control.LoadRecursive()
   at System.Web.UI.Page.ProcessRequestMain(Boolean includeStagesBeforeAsyncPoint, Boolean includeStagesAfterAsyncPoint)

Additional Info:

MachineName : GOBLIN
TimeStamp : 7/11/2016 1:05:11 PM
FullName : Telerik.Sitefinity.Utilities, Version=9.0.6010.0, Culture=neutral, PublicKeyToken=b28c218413bdf563
AppDomainName : /LM/W3SVC/155/ROOT-1-131127120042087690
ThreadIdentity : 
WindowsIdentity : GOBLIN\alonberman
Requested URL : http://ipulse_2016.testfire.co.za/products/biometric-and-card-reader


Category: ErrorLog

Priority: 0

EventId: 90000

Severity: Error

Title:Enterprise Library Exception Handling

Machine: GOBLIN

App Domain: /LM/W3SVC/155/ROOT-1-131127120042087690

ProcessId: 14608

Process Name: c:\windows\system32\inetsrv\w3wp.exe

Thread Name: 

Win32 ThreadId:18540

Extended Properties: 
----------------------------------------
----------------------------------------
Timestamp: 7/11/2016 1:05:59 PM

Message: HandlingInstanceID: a3d996bc-aec3-471e-9b86-dd35c2385832
An exception of type 'System.InvalidCastException' occurred and was caught.
---------------------------------------------------------------------------
07/11/2016 15:05:59
Type : System.InvalidCastException, mscorlib, Version=4.0.0.0, Culture=neutral, PublicKeyToken=b77a5c561934e089
Message : Unable to cast object of type 'Telerik.Sitefinity.DynamicModules.Model.ChoiceOption[]' to type 'System.String[]'.
Source : Telerik.Sitefinity.Model
Help link : 
Data : System.Collections.ListDictionaryInternal
TargetSite : TValue GetValue[TValue](Telerik.Sitefinity.Model.IDynamicFieldsContainer, System.String)
HResult : -2147467262
Stack Trace :    at Telerik.Sitefinity.Model.DataExtensions.GetValue[TValue](IDynamicFieldsContainer dataItem, String fieldName)
   at ipulse_2016_FWI_Modules_user_ProductList.GetProductList(String strTitle) in d:\Sites\clients\ipulse\websites\ipulse_2016\FWI_Modules\user\ProductList.ascx.cs:line 77
   at ipulse_2016_FWI_Modules_user_ProductList.Page_Load(Object sender, EventArgs e) in d:\Sites\clients\ipulse\websites\ipulse_2016\FWI_Modules\user\ProductList.ascx.cs:line 26
   at System.Web.UI.Control.LoadRecursive()
   at System.Web.UI.Control.LoadRecursive()
   at System.Web.UI.Control.LoadRecursive()
   at System.Web.UI.Control.LoadRecursive()
   at System.Web.UI.Control.LoadRecursive()
   at System.Web.UI.Control.LoadRecursive()
   at System.Web.UI.Control.LoadRecursive()
   at System.Web.UI.Control.LoadRecursive()
   at System.Web.UI.Control.LoadRecursive()
   at System.Web.UI.Page.ProcessRequestMain(Boolean includeStagesBeforeAsyncPoint, Boolean includeStagesAfterAsyncPoint)

Additional Info:

MachineName : GOBLIN
TimeStamp : 7/11/2016 1:05:59 PM
FullName : Telerik.Sitefinity.Utilities, Version=9.0.6010.0, Culture=neutral, PublicKeyToken=b28c218413bdf563
AppDomainName : /LM/W3SVC/155/ROOT-1-131127120042087690
ThreadIdentity : 
WindowsIdentity : GOBLIN\alonberman
Requested URL : http://ipulse_2016.testfire.co.za/products/biometric-and-card-reader


Category: ErrorLog

Priority: 0

EventId: 90000

Severity: Error

Title:Enterprise Library Exception Handling

Machine: GOBLIN

App Domain: /LM/W3SVC/155/ROOT-1-131127120042087690

ProcessId: 14608

Process Name: c:\windows\system32\inetsrv\w3wp.exe

Thread Name: 

Win32 ThreadId:18540

Extended Properties: 
----------------------------------------
----------------------------------------
Timestamp: 7/11/2016 1:06:00 PM

Message: HandlingInstanceID: 9c9dc65f-0046-47b5-8027-bb7201391ada
An exception of type 'System.InvalidCastException' occurred and was caught.
---------------------------------------------------------------------------
07/11/2016 15:06:00
Type : System.InvalidCastException, mscorlib, Version=4.0.0.0, Culture=neutral, PublicKeyToken=b77a5c561934e089
Message : Unable to cast object of type 'Telerik.Sitefinity.DynamicModules.Model.ChoiceOption[]' to type 'System.String[]'.
Source : Telerik.Sitefinity.Model
Help link : 
Data : System.Collections.ListDictionaryInternal
TargetSite : TValue GetValue[TValue](Telerik.Sitefinity.Model.IDynamicFieldsContainer, System.String)
HResult : -2147467262
Stack Trace :    at Telerik.Sitefinity.Model.DataExtensions.GetValue[TValue](IDynamicFieldsContainer dataItem, String fieldName)
   at ipulse_2016_FWI_Modules_user_ProductList.GetProductList(String strTitle) in d:\Sites\clients\ipulse\websites\ipulse_2016\FWI_Modules\user\ProductList.ascx.cs:line 77
   at ipulse_2016_FWI_Modules_user_ProductList.Page_Load(Object sender, EventArgs e) in d:\Sites\clients\ipulse\websites\ipulse_2016\FWI_Modules\user\ProductList.ascx.cs:line 26
   at System.Web.UI.Control.LoadRecursive()
   at System.Web.UI.Control.LoadRecursive()
   at System.Web.UI.Control.LoadRecursive()
   at System.Web.UI.Control.LoadRecursive()
   at System.Web.UI.Control.LoadRecursive()
   at System.Web.UI.Control.LoadRecursive()
   at System.Web.UI.Control.LoadRecursive()
   at System.Web.UI.Control.LoadRecursive()
   at System.Web.UI.Control.LoadRecursive()
   at System.Web.UI.Page.ProcessRequestMain(Boolean includeStagesBeforeAsyncPoint, Boolean includeStagesAfterAsyncPoint)

Additional Info:

MachineName : GOBLIN
TimeStamp : 7/11/2016 1:06:00 PM
FullName : Telerik.Sitefinity.Utilities, Version=9.0.6010.0, Culture=neutral, PublicKeyToken=b28c218413bdf563
AppDomainName : /LM/W3SVC/155/ROOT-1-131127120042087690
ThreadIdentity : 
WindowsIdentity : GOBLIN\alonberman
Requested URL : http://ipulse_2016.testfire.co.za/products/biometric-and-card-reader


Category: ErrorLog

Priority: 0

EventId: 90000

Severity: Error

Title:Enterprise Library Exception Handling

Machine: GOBLIN

App Domain: /LM/W3SVC/155/ROOT-1-131127120042087690

ProcessId: 14608

Process Name: c:\windows\system32\inetsrv\w3wp.exe

Thread Name: 

Win32 ThreadId:5172

Extended Properties: 
----------------------------------------
----------------------------------------
Timestamp: 7/11/2016 1:06:01 PM

Message: HandlingInstanceID: a7fcdd40-f5ce-47ab-9a09-fbcd9e3d0065
An exception of type 'System.InvalidCastException' occurred and was caught.
---------------------------------------------------------------------------
07/11/2016 15:06:01
Type : System.InvalidCastException, mscorlib, Version=4.0.0.0, Culture=neutral, PublicKeyToken=b77a5c561934e089
Message : Unable to cast object of type 'Telerik.Sitefinity.DynamicModules.Model.ChoiceOption[]' to type 'System.String[]'.
Source : Telerik.Sitefinity.Model
Help link : 
Data : System.Collections.ListDictionaryInternal
TargetSite : TValue GetValue[TValue](Telerik.Sitefinity.Model.IDynamicFieldsContainer, System.String)
HResult : -2147467262
Stack Trace :    at Telerik.Sitefinity.Model.DataExtensions.GetValue[TValue](IDynamicFieldsContainer dataItem, String fieldName)
   at ipulse_2016_FWI_Modules_user_ProductList.GetProductList(String strTitle) in d:\Sites\clients\ipulse\websites\ipulse_2016\FWI_Modules\user\ProductList.ascx.cs:line 77
   at ipulse_2016_FWI_Modules_user_ProductList.Page_Load(Object sender, EventArgs e) in d:\Sites\clients\ipulse\websites\ipulse_2016\FWI_Modules\user\ProductList.ascx.cs:line 26
   at System.Web.UI.Control.LoadRecursive()
   at System.Web.UI.Control.LoadRecursive()
   at System.Web.UI.Control.LoadRecursive()
   at System.Web.UI.Control.LoadRecursive()
   at System.Web.UI.Control.LoadRecursive()
   at System.Web.UI.Control.LoadRecursive()
   at System.Web.UI.Control.LoadRecursive()
   at System.Web.UI.Control.LoadRecursive()
   at System.Web.UI.Control.LoadRecursive()
   at System.Web.UI.Page.ProcessRequestMain(Boolean includeStagesBeforeAsyncPoint, Boolean includeStagesAfterAsyncPoint)

Additional Info:

MachineName : GOBLIN
TimeStamp : 7/11/2016 1:06:01 PM
FullName : Telerik.Sitefinity.Utilities, Version=9.0.6010.0, Culture=neutral, PublicKeyToken=b28c218413bdf563
AppDomainName : /LM/W3SVC/155/ROOT-1-131127120042087690
ThreadIdentity : 
WindowsIdentity : GOBLIN\alonberman
Requested URL : http://ipulse_2016.testfire.co.za/products/biometric-and-card-reader


Category: ErrorLog

Priority: 0

EventId: 90000

Severity: Error

Title:Enterprise Library Exception Handling

Machine: GOBLIN

App Domain: /LM/W3SVC/155/ROOT-1-131127120042087690

ProcessId: 14608

Process Name: c:\windows\system32\inetsrv\w3wp.exe

Thread Name: 

Win32 ThreadId:14000

Extended Properties: 
----------------------------------------
----------------------------------------
Timestamp: 7/11/2016 1:06:01 PM

Message: HandlingInstanceID: bb26cfb9-6fb2-45b5-9aae-e6c87ce10021
An exception of type 'System.InvalidCastException' occurred and was caught.
---------------------------------------------------------------------------
07/11/2016 15:06:01
Type : System.InvalidCastException, mscorlib, Version=4.0.0.0, Culture=neutral, PublicKeyToken=b77a5c561934e089
Message : Unable to cast object of type 'Telerik.Sitefinity.DynamicModules.Model.ChoiceOption[]' to type 'System.String[]'.
Source : Telerik.Sitefinity.Model
Help link : 
Data : System.Collections.ListDictionaryInternal
TargetSite : TValue GetValue[TValue](Telerik.Sitefinity.Model.IDynamicFieldsContainer, System.String)
HResult : -2147467262
Stack Trace :    at Telerik.Sitefinity.Model.DataExtensions.GetValue[TValue](IDynamicFieldsContainer dataItem, String fieldName)
   at ipulse_2016_FWI_Modules_user_ProductList.GetProductList(String strTitle) in d:\Sites\clients\ipulse\websites\ipulse_2016\FWI_Modules\user\ProductList.ascx.cs:line 77
   at ipulse_2016_FWI_Modules_user_ProductList.Page_Load(Object sender, EventArgs e) in d:\Sites\clients\ipulse\websites\ipulse_2016\FWI_Modules\user\ProductList.ascx.cs:line 26
   at System.Web.UI.Control.LoadRecursive()
   at System.Web.UI.Control.LoadRecursive()
   at System.Web.UI.Control.LoadRecursive()
   at System.Web.UI.Control.LoadRecursive()
   at System.Web.UI.Control.LoadRecursive()
   at System.Web.UI.Control.LoadRecursive()
   at System.Web.UI.Control.LoadRecursive()
   at System.Web.UI.Control.LoadRecursive()
   at System.Web.UI.Control.LoadRecursive()
   at System.Web.UI.Page.ProcessRequestMain(Boolean includeStagesBeforeAsyncPoint, Boolean includeStagesAfterAsyncPoint)

Additional Info:

MachineName : GOBLIN
TimeStamp : 7/11/2016 1:06:01 PM
FullName : Telerik.Sitefinity.Utilities, Version=9.0.6010.0, Culture=neutral, PublicKeyToken=b28c218413bdf563
AppDomainName : /LM/W3SVC/155/ROOT-1-131127120042087690
ThreadIdentity : 
WindowsIdentity : GOBLIN\alonberman
Requested URL : http://ipulse_2016.testfire.co.za/products/biometric-and-card-reader


Category: ErrorLog

Priority: 0

EventId: 90000

Severity: Error

Title:Enterprise Library Exception Handling

Machine: GOBLIN

App Domain: /LM/W3SVC/155/ROOT-1-131127120042087690

ProcessId: 14608

Process Name: c:\windows\system32\inetsrv\w3wp.exe

Thread Name: 

Win32 ThreadId:52

Extended Properties: 
----------------------------------------
----------------------------------------
Timestamp: 7/11/2016 1:35:28 PM

Message: HandlingInstanceID: 55d35a07-1c4e-4fb5-8a02-4cd77712b5ca
An exception of type 'System.InvalidCastException' occurred and was caught.
---------------------------------------------------------------------------
07/11/2016 15:35:28
Type : System.InvalidCastException, mscorlib, Version=4.0.0.0, Culture=neutral, PublicKeyToken=b77a5c561934e089
Message : Unable to cast object of type 'Telerik.Sitefinity.DynamicModules.Model.ChoiceOption[]' to type 'Telerik.Sitefinity.DynamicModules.Model.ChoiceOption'.
Source : Telerik.Sitefinity.Model
Help link : 
Data : System.Collections.ListDictionaryInternal
TargetSite : TValue GetValue[TValue](Telerik.Sitefinity.Model.IDynamicFieldsContainer, System.String)
HResult : -2147467262
Stack Trace :    at Telerik.Sitefinity.Model.DataExtensions.GetValue[TValue](IDynamicFieldsContainer dataItem, String fieldName)
   at ipulse_2016_FWI_Modules_user_ProductList.GetProductList(String strTitle) in d:\Sites\clients\ipulse\websites\ipulse_2016\FWI_Modules\user\ProductList.ascx.cs:line 76
   at ipulse_2016_FWI_Modules_user_ProductList.Page_Load(Object sender, EventArgs e) in d:\Sites\clients\ipulse\websites\ipulse_2016\FWI_Modules\user\ProductList.ascx.cs:line 26
   at System.Web.UI.Control.LoadRecursive()
   at System.Web.UI.Control.LoadRecursive()
   at System.Web.UI.Control.LoadRecursive()
   at System.Web.UI.Control.LoadRecursive()
   at System.Web.UI.Control.LoadRecursive()
   at System.Web.UI.Control.LoadRecursive()
   at System.Web.UI.Control.LoadRecursive()
   at System.Web.UI.Control.LoadRecursive()
   at System.Web.UI.Control.LoadRecursive()
   at System.Web.UI.Page.ProcessRequestMain(Boolean includeStagesBeforeAsyncPoint, Boolean includeStagesAfterAsyncPoint)

Additional Info:

MachineName : GOBLIN
TimeStamp : 7/11/2016 1:35:28 PM
FullName : Telerik.Sitefinity.Utilities, Version=9.0.6010.0, Culture=neutral, PublicKeyToken=b28c218413bdf563
AppDomainName : /LM/W3SVC/155/ROOT-1-131127120042087690
ThreadIdentity : 
WindowsIdentity : GOBLIN\alonberman
Requested URL : http://ipulse_2016.testfire.co.za/products/desktop-biometric-readers


Category: ErrorLog

Priority: 0

EventId: 90000

Severity: Error

Title:Enterprise Library Exception Handling

Machine: GOBLIN

App Domain: /LM/W3SVC/155/ROOT-1-131127120042087690

ProcessId: 14608

Process Name: c:\windows\system32\inetsrv\w3wp.exe

Thread Name: 

Win32 ThreadId:17236

Extended Properties: 
----------------------------------------
