----------------------------------------
Timestamp: 6/28/2016 10:35:14 AM

Message: HandlingInstanceID: d2471a18-877c-41be-b415-bfe31fc157e6
An exception of type 'Telerik.Sitefinity.Modules.Pages.Web.Services.ContentLockedException' occurred and was caught.
--------------------------------------------------------------------------------------------------------------------
06/28/2016 12:35:14
Type : Telerik.Sitefinity.Modules.Pages.Web.Services.ContentLockedException, Telerik.Sitefinity, Version=9.0.6010.0, Culture=neutral, PublicKeyToken=b28c218413bdf563
Message : Deleted: 00000000-0000-0000-0000-000000000000:DiscardTemplateDraft
Source : Telerik.Sitefinity
Help link : 
StatusCode : InternalServerError
StatusDescription : Deleted: 00000000-0000-0000-0000-000000000000:DiscardTemplateDraft
IsDetailXhtml : False
Data : System.Collections.ListDictionaryInternal
TargetSite : Void ThrowExceptionIfLocked(System.Guid, Telerik.Sitefinity.Modules.Pages.DesignMediaType, System.String, Boolean)
HResult : -2146233087
detailWriterInstance : Telerik.Sitefinity.Utilities.MS.ServiceModel.Web.WebProtocolException+DataContractDetailWriter
Stack Trace :    at Telerik.Sitefinity.Modules.Pages.Web.Services.ZoneEditorValidationExtensions.ThrowExceptionIfLocked(Guid pageId, DesignMediaType mediaType, String operationName, Boolean checkLive)
   at Telerik.Sitefinity.Modules.Pages.Web.Services.ZoneEditorOperationValidationAttribute.BeforeCall(String operationName, Object[] inputs)
   at System.ServiceModel.Dispatcher.DispatchOperationRuntime.InspectInputsCore(MessageRpc& rpc)
   at System.ServiceModel.Dispatcher.DispatchOperationRuntime.InvokeBegin(MessageRpc& rpc)
   at System.ServiceModel.Dispatcher.ImmutableDispatchRuntime.ProcessMessage5(MessageRpc& rpc)
   at System.ServiceModel.Dispatcher.ImmutableDispatchRuntime.ProcessMessage31(MessageRpc& rpc)
   at System.ServiceModel.Dispatcher.MessageRpc.Process(Boolean isOperationContextSet)

Additional Info:

MachineName : GOBLIN
TimeStamp : 6/28/2016 10:35:14 AM
FullName : Telerik.Sitefinity.Utilities, Version=9.0.6010.0, Culture=neutral, PublicKeyToken=b28c218413bdf563
AppDomainName : /LM/W3SVC/155/ROOT-1-131115762508606560
ThreadIdentity : 
WindowsIdentity : GOBLIN\alonberman
Requested URL : http://ipulse_2016.testfire.co.za/Sitefinity/Services/Pages/ZoneEditorService.svc/Template/206b54a4-75a4-62bd-81a2-ff00002f4c9e/


Category: ErrorLog

Priority: 0

EventId: 90000

Severity: Error

Title:Enterprise Library Exception Handling

Machine: GOBLIN

App Domain: /LM/W3SVC/155/ROOT-1-131115762508606560

ProcessId: 11900

Process Name: c:\windows\system32\inetsrv\w3wp.exe

Thread Name: 

Win32 ThreadId:13772

Extended Properties: 
----------------------------------------
----------------------------------------
Timestamp: 6/28/2016 2:55:26 PM

Message: HandlingInstanceID: c0bc5907-3812-4220-8aec-f704eeaa8d62
An exception of type 'Telerik.Sitefinity.Modules.Pages.Web.Services.ContentLockedException' occurred and was caught.
--------------------------------------------------------------------------------------------------------------------
06/28/2016 16:55:26
Type : Telerik.Sitefinity.Modules.Pages.Web.Services.ContentLockedException, Telerik.Sitefinity, Version=9.0.6010.0, Culture=neutral, PublicKeyToken=b28c218413bdf563
Message : Deleted: 00000000-0000-0000-0000-000000000000:DiscardTemplateDraft
Source : Telerik.Sitefinity
Help link : 
StatusCode : InternalServerError
StatusDescription : Deleted: 00000000-0000-0000-0000-000000000000:DiscardTemplateDraft
IsDetailXhtml : False
Data : System.Collections.ListDictionaryInternal
TargetSite : Void ThrowExceptionIfLocked(System.Guid, Telerik.Sitefinity.Modules.Pages.DesignMediaType, System.String, Boolean)
HResult : -2146233087
detailWriterInstance : Telerik.Sitefinity.Utilities.MS.ServiceModel.Web.WebProtocolException+DataContractDetailWriter
Stack Trace :    at Telerik.Sitefinity.Modules.Pages.Web.Services.ZoneEditorValidationExtensions.ThrowExceptionIfLocked(Guid pageId, DesignMediaType mediaType, String operationName, Boolean checkLive)
   at Telerik.Sitefinity.Modules.Pages.Web.Services.ZoneEditorOperationValidationAttribute.BeforeCall(String operationName, Object[] inputs)
   at System.ServiceModel.Dispatcher.DispatchOperationRuntime.InspectInputsCore(MessageRpc& rpc)
   at System.ServiceModel.Dispatcher.DispatchOperationRuntime.InvokeBegin(MessageRpc& rpc)
   at System.ServiceModel.Dispatcher.ImmutableDispatchRuntime.ProcessMessage5(MessageRpc& rpc)
   at System.ServiceModel.Dispatcher.ImmutableDispatchRuntime.ProcessMessage31(MessageRpc& rpc)
   at System.ServiceModel.Dispatcher.MessageRpc.Process(Boolean isOperationContextSet)

Additional Info:

MachineName : GOBLIN
TimeStamp : 6/28/2016 2:55:26 PM
FullName : Telerik.Sitefinity.Utilities, Version=9.0.6010.0, Culture=neutral, PublicKeyToken=b28c218413bdf563
AppDomainName : /LM/W3SVC/155/ROOT-1-131115898100011078
ThreadIdentity : 
WindowsIdentity : GOBLIN\alonberman
Requested URL : http://ipulse_2016.testfire.co.za/Sitefinity/Services/Pages/ZoneEditorService.svc/Template/836b54a4-75a4-62bd-81a2-ff00002f4c9e/


Category: ErrorLog

Priority: 0

EventId: 90000

Severity: Error

Title:Enterprise Library Exception Handling

Machine: GOBLIN

App Domain: /LM/W3SVC/155/ROOT-1-131115898100011078

ProcessId: 13860

Process Name: c:\windows\system32\inetsrv\w3wp.exe

Thread Name: 

Win32 ThreadId:7440

Extended Properties: 
----------------------------------------
----------------------------------------
Timestamp: 6/28/2016 3:15:57 PM

Message: HandlingInstanceID: 8a4b36d9-61c8-489d-9d04-5f9c53794757
An exception of type 'System.Web.HttpParseException' occurred and was caught.
-----------------------------------------------------------------------------
06/28/2016 17:15:57
Type : System.Web.HttpParseException, System.Web, Version=4.0.0.0, Culture=neutral, PublicKeyToken=b03f5f7f11d50a3a
Message : Content ('</li>                     
       </ParentItemTemplate>') does not match any properties within a 'Telerik.Sitefinity.Web.UI.NavigationControls.NavigationContainer', make sure it is well-formed.
Source : System.Web
Help link : 
FileName : D:\Sites\clients\ipulse\websites\ipulse_2016\SfCtrlPresentation\OpenAccessDataProvider_6a6754a475a462bd81a2ff00002f4c9e.ascx
VirtualPath : /SfCtrlPresentation/OpenAccessDataProvider_6a6754a475a462bd81a2ff00002f4c9e.ascx
Line : 35
ParserErrors : System.Web.ParserErrorCollection
WebEventCode : 0
ErrorCode : -2147467259
Data : System.Collections.ListDictionaryInternal
TargetSite : Void ParseString(System.String, System.Web.VirtualPath, System.Text.Encoding)
HResult : -2147467259
Stack Trace :    at System.Web.UI.TemplateParser.ParseString(String text, VirtualPath virtualPath, Encoding fileEncoding)
   at System.Web.UI.TemplateParser.ParseFile(String physicalPath, VirtualPath virtualPath)
   at System.Web.UI.TemplateParser.Parse()
   at System.Web.Compilation.BaseTemplateBuildProvider.get_CodeCompilerType()
   at System.Web.Compilation.BuildProvider.GetCompilerTypeFromBuildProvider(BuildProvider buildProvider)
   at System.Web.Compilation.BuildProvidersCompiler.ProcessBuildProviders()
   at System.Web.Compilation.BuildProvidersCompiler.PerformBuild()
   at System.Web.Compilation.BuildManager.CompileWebFile(VirtualPath virtualPath)
   at System.Web.Compilation.BuildManager.GetVPathBuildResultInternal(VirtualPath virtualPath, Boolean noBuild, Boolean allowCrossApp, Boolean allowBuildInPrecompile, Boolean throwIfNotFound, Boolean ensureIsUpToDate)
   at System.Web.Compilation.BuildManager.GetVPathBuildResultWithNoAssert(HttpContext context, VirtualPath virtualPath, Boolean noBuild, Boolean allowCrossApp, Boolean allowBuildInPrecompile, Boolean throwIfNotFound, Boolean ensureIsUpToDate)
   at System.Web.Compilation.BuildManager.GetVirtualPathObjectFactory(VirtualPath virtualPath, HttpContext context, Boolean allowCrossApp, Boolean throwIfNotFound)
   at System.Web.Compilation.BuildManager.CreateInstanceFromVirtualPath(VirtualPath virtualPath, Type requiredBaseType, HttpContext context, Boolean allowCrossApp)
   at Telerik.Sitefinity.Web.UI.ControlUtilities.CompileControl(String virtualPath)
   at Telerik.Sitefinity.Web.UI.ControlUtilities.LoadControl(String virtualPath, Page page)
   at Telerik.Sitefinity.Web.UI.VirtualPathTemplate.InstantiateIn(Control container, PlaceHoldersCollection placeHolders)
   at Telerik.Sitefinity.Web.UI.SimpleView.CreateContainer(ITemplate template)
   at Telerik.Sitefinity.Web.UI.SimpleView.get_Container()
   at Telerik.Sitefinity.Web.UI.NavigationControls.LightNavigationControl.CreateChildControls()
   at System.Web.UI.Control.EnsureChildControls()
   at System.Web.UI.Control.PreRenderRecursiveInternal()
   at System.Web.UI.Control.PreRenderRecursiveInternal()
   at System.Web.UI.Control.PreRenderRecursiveInternal()
   at System.Web.UI.Control.PreRenderRecursiveInternal()
   at System.Web.UI.Page.ProcessRequestMain(Boolean includeStagesBeforeAsyncPoint, Boolean includeStagesAfterAsyncPoint)
   at System.Web.UI.Page.ProcessRequest(Boolean includeStagesBeforeAsyncPoint, Boolean includeStagesAfterAsyncPoint)
   at System.Web.UI.Page.ProcessRequest()
   at System.Web.UI.Page.ProcessRequest(HttpContext context)
   at ASP.sfres_telerik_sitefinity_resources_sitefinitydefault_aspx.ProcessRequest(HttpContext context) in c:\Windows\Microsoft.NET\Framework64\v4.0.30319\Temporary ASP.NET Files\root\01760ab5\4e0a9792\App_Web_telerik.sitefinity.resources.sitefinitydefault.aspx.f785aa1a.vnrg-jzd.0.cs:line 0
   at Telerik.Sitefinity.Web.UI.ControlLiteralRepresentation.Render(HtmlTextWriter writer)

Additional Info:

MachineName : GOBLIN
TimeStamp : 6/28/2016 3:15:57 PM
FullName : Telerik.Sitefinity.Utilities, Version=9.0.6010.0, Culture=neutral, PublicKeyToken=b28c218413bdf563
AppDomainName : /LM/W3SVC/155/ROOT-1-131115898100011078
ThreadIdentity : tebogo
WindowsIdentity : GOBLIN\alonberman
Requested URL : http://ipulse_2016.testfire.co.za/Sitefinity/Services/Pages/ZoneEditorService.svc/Control/
	Inner Exception
	---------------
	Type : System.Web.HttpParseException, System.Web, Version=4.0.0.0, Culture=neutral, PublicKeyToken=b03f5f7f11d50a3a
	Message : Content ('</li>                     
       </ParentItemTemplate>') does not match any properties within a 'Telerik.Sitefinity.Web.UI.NavigationControls.NavigationContainer', make sure it is well-formed.
	Source : System.Web
	Help link : 
	FileName : Access failed
	VirtualPath : 
	Line : 0
	ParserErrors : System.Web.ParserErrorCollection
	WebEventCode : 0
	ErrorCode : -2147467259
	Data : System.Collections.ListDictionaryInternal
	TargetSite : Void ProcessException(System.Exception)
	HResult : -2147467259
	Stack Trace :    at System.Web.UI.TemplateParser.ProcessException(Exception ex)
	   at System.Web.UI.TemplateParser.ParseStringInternal(String text, Encoding fileEncoding)
	   at System.Web.UI.TemplateParser.ParseString(String text, VirtualPath virtualPath, Encoding fileEncoding)

		Inner Exception
		---------------
		Type : System.Web.HttpException, System.Web, Version=4.0.0.0, Culture=neutral, PublicKeyToken=b03f5f7f11d50a3a
		Message : Content ('</li>                     
       </ParentItemTemplate>') does not match any properties within a 'Telerik.Sitefinity.Web.UI.NavigationControls.NavigationContainer', make sure it is well-formed.
		Source : System.Web
		Help link : 
		WebEventCode : 0
		ErrorCode : -2147467259
		Data : System.Collections.ListDictionaryInternal
		TargetSite : Void AppendLiteralString(System.String)
		HResult : -2147467259
		Stack Trace :    at System.Web.UI.ControlBuilder.AppendLiteralString(String s)
		   at System.Web.UI.TemplateParser.ProcessLiteral()



Category: ErrorLog

Priority: 0

EventId: 90000

Severity: Error

Title:Enterprise Library Exception Handling

Machine: GOBLIN

App Domain: /LM/W3SVC/155/ROOT-1-131115898100011078

ProcessId: 13860

Process Name: c:\windows\system32\inetsrv\w3wp.exe

Thread Name: 

Win32 ThreadId:14156

Extended Properties: 
----------------------------------------
----------------------------------------
Timestamp: 6/28/2016 3:15:58 PM

Message: HandlingInstanceID: 27883579-2366-4714-9606-111e4acff0ee
An exception of type 'System.Web.HttpParseException' occurred and was caught.
-----------------------------------------------------------------------------
06/28/2016 17:15:58
Type : System.Web.HttpParseException, System.Web, Version=4.0.0.0, Culture=neutral, PublicKeyToken=b03f5f7f11d50a3a
Message : Content ('</li>                     
       </ParentItemTemplate>') does not match any properties within a 'Telerik.Sitefinity.Web.UI.NavigationControls.NavigationContainer', make sure it is well-formed.
Source : System.Web
Help link : 
FileName : Access failed
VirtualPath : 
Line : 0
ParserErrors : System.Web.ParserErrorCollection
WebEventCode : 0
ErrorCode : -2147467259
Data : System.Collections.ListDictionaryInternal
TargetSite : Void ProcessException(System.Exception)
HResult : -2147467259
Stack Trace :    at System.Web.UI.TemplateParser.ProcessException(Exception ex)
   at System.Web.UI.TemplateParser.ParseStringInternal(String text, Encoding fileEncoding)
   at System.Web.UI.TemplateParser.ParseString(String text, VirtualPath virtualPath, Encoding fileEncoding)

Additional Info:

MachineName : GOBLIN
TimeStamp : 6/28/2016 3:15:58 PM
FullName : Telerik.Sitefinity.Utilities, Version=9.0.6010.0, Culture=neutral, PublicKeyToken=b28c218413bdf563
AppDomainName : /LM/W3SVC/155/ROOT-1-131115898100011078
ThreadIdentity : tebogo
WindowsIdentity : GOBLIN\alonberman
Requested URL : http://ipulse_2016.testfire.co.za/Sitefinity/Template/138e51a4-75a4-62bd-81a2-ff00002f4c9e/Preview
	Inner Exception
	---------------
	Type : System.Web.HttpException, System.Web, Version=4.0.0.0, Culture=neutral, PublicKeyToken=b03f5f7f11d50a3a
	Message : Content ('</li>                     
       </ParentItemTemplate>') does not match any properties within a 'Telerik.Sitefinity.Web.UI.NavigationControls.NavigationContainer', make sure it is well-formed.
	Source : System.Web
	Help link : 
	WebEventCode : 0
	ErrorCode : -2147467259
	Data : System.Collections.ListDictionaryInternal
	TargetSite : Void AppendLiteralString(System.String)
	HResult : -2147467259
	Stack Trace :    at System.Web.UI.ControlBuilder.AppendLiteralString(String s)
	   at System.Web.UI.TemplateParser.ProcessLiteral()



Category: ErrorLog

Priority: 0

EventId: 90000

Severity: Error

Title:Enterprise Library Exception Handling

Machine: GOBLIN

App Domain: /LM/W3SVC/155/ROOT-1-131115898100011078

ProcessId: 13860

Process Name: c:\windows\system32\inetsrv\w3wp.exe

Thread Name: 

Win32 ThreadId:5140

Extended Properties: 
----------------------------------------
----------------------------------------
Timestamp: 6/28/2016 3:25:50 PM

Message: HandlingInstanceID: d727d7f2-a09d-49d1-bdfe-1f3100fa73a7
An exception of type 'Telerik.Sitefinity.Modules.Pages.Web.Services.ContentLockedException' occurred and was caught.
--------------------------------------------------------------------------------------------------------------------
06/28/2016 17:25:50
Type : Telerik.Sitefinity.Modules.Pages.Web.Services.ContentLockedException, Telerik.Sitefinity, Version=9.0.6010.0, Culture=neutral, PublicKeyToken=b28c218413bdf563
Message : Deleted: 00000000-0000-0000-0000-000000000000:DiscardTemplateDraft
Source : Telerik.Sitefinity
Help link : 
StatusCode : InternalServerError
StatusDescription : Deleted: 00000000-0000-0000-0000-000000000000:DiscardTemplateDraft
IsDetailXhtml : False
Data : System.Collections.ListDictionaryInternal
TargetSite : Void ThrowExceptionIfLocked(System.Guid, Telerik.Sitefinity.Modules.Pages.DesignMediaType, System.String, Boolean)
HResult : -2146233087
detailWriterInstance : Telerik.Sitefinity.Utilities.MS.ServiceModel.Web.WebProtocolException+DataContractDetailWriter
Stack Trace :    at Telerik.Sitefinity.Modules.Pages.Web.Services.ZoneEditorValidationExtensions.ThrowExceptionIfLocked(Guid pageId, DesignMediaType mediaType, String operationName, Boolean checkLive)
   at Telerik.Sitefinity.Modules.Pages.Web.Services.ZoneEditorOperationValidationAttribute.BeforeCall(String operationName, Object[] inputs)
   at System.ServiceModel.Dispatcher.DispatchOperationRuntime.InspectInputsCore(MessageRpc& rpc)
   at System.ServiceModel.Dispatcher.DispatchOperationRuntime.InvokeBegin(MessageRpc& rpc)
   at System.ServiceModel.Dispatcher.ImmutableDispatchRuntime.ProcessMessage5(MessageRpc& rpc)
   at System.ServiceModel.Dispatcher.ImmutableDispatchRuntime.ProcessMessage31(MessageRpc& rpc)
   at System.ServiceModel.Dispatcher.MessageRpc.Process(Boolean isOperationContextSet)

Additional Info:

MachineName : GOBLIN
TimeStamp : 6/28/2016 3:25:50 PM
FullName : Telerik.Sitefinity.Utilities, Version=9.0.6010.0, Culture=neutral, PublicKeyToken=b28c218413bdf563
AppDomainName : /LM/W3SVC/155/ROOT-1-131115898100011078
ThreadIdentity : 
WindowsIdentity : GOBLIN\alonberman
Requested URL : http://ipulse_2016.testfire.co.za/Sitefinity/Services/Pages/ZoneEditorService.svc/Template/d86b54a4-75a4-62bd-81a2-ff00002f4c9e/


Category: ErrorLog

Priority: 0

EventId: 90000

Severity: Error

Title:Enterprise Library Exception Handling

Machine: GOBLIN

App Domain: /LM/W3SVC/155/ROOT-1-131115898100011078

ProcessId: 13860

Process Name: c:\windows\system32\inetsrv\w3wp.exe

Thread Name: 

Win32 ThreadId:6356

Extended Properties: 
----------------------------------------
