----------------------------------------
Timestamp: 2016-07-05 04:34:39 PM

Message: Shutting down threadpool...


----------------------------------------
----------------------------------------
Timestamp: 2016-07-05 04:34:39 PM

Message: Thread pool 'BackgroundTasksService': Shutdown of thread pool completed. All currently running threads will finish their work and stop.


----------------------------------------
----------------------------------------
Timestamp: 2016-07-05 04:34:40 PM

Message: WorkerThread is shut down


----------------------------------------
----------------------------------------
Timestamp: 2016-07-05 04:34:40 PM

Message: Background task scheduler shut down


----------------------------------------
----------------------------------------
Timestamp: 2016-07-05 04:34:40 PM

Message: WorkerThread is shut down


----------------------------------------
----------------------------------------
Timestamp: 2016-07-05 04:35:10 PM

Message: Shutting down threadpool...


----------------------------------------
----------------------------------------
Timestamp: 2016-07-05 04:35:10 PM

Message: Thread pool 'BackgroundTasksService': Shutdown of thread pool completed. Threads aborted.


----------------------------------------
