----------------------------------------
Timestamp: 2016-06-29 11:34:08 AM

Message: Shutting down threadpool...


----------------------------------------
----------------------------------------
Timestamp: 2016-06-29 11:34:08 AM

Message: Thread pool 'BackgroundTasksService': Shutdown of thread pool completed. All currently running threads will finish their work and stop.


----------------------------------------
----------------------------------------
Timestamp: 2016-06-29 11:34:09 AM

Message: Background task scheduler shut down


----------------------------------------
----------------------------------------
Timestamp: 2016-06-29 11:34:09 AM

Message: WorkerThread is shut down


----------------------------------------
----------------------------------------
Timestamp: 2016-06-29 11:34:09 AM

Message: WorkerThread is shut down


----------------------------------------
----------------------------------------
Timestamp: 2016-06-29 11:34:38 AM

Message: Shutting down threadpool...


----------------------------------------
----------------------------------------
Timestamp: 2016-06-29 11:34:38 AM

Message: Thread pool 'BackgroundTasksService': Shutdown of thread pool completed. Threads aborted.


----------------------------------------
----------------------------------------
Timestamp: 2016-06-29 04:26:33 PM

Message: Shutting down threadpool...


----------------------------------------
----------------------------------------
Timestamp: 2016-06-29 04:26:33 PM

Message: Thread pool 'BackgroundTasksService': Shutdown of thread pool completed. All currently running threads will finish their work and stop.


----------------------------------------
----------------------------------------
Timestamp: 2016-06-29 04:26:33 PM

Message: WorkerThread is shut down


----------------------------------------
----------------------------------------
Timestamp: 2016-06-29 04:26:33 PM

Message: Background task scheduler shut down


----------------------------------------
----------------------------------------
Timestamp: 2016-06-29 04:26:33 PM

Message: WorkerThread is shut down


----------------------------------------
----------------------------------------
Timestamp: 2016-06-29 04:27:03 PM

Message: Shutting down threadpool...


----------------------------------------
----------------------------------------
Timestamp: 2016-06-29 04:27:03 PM

Message: Thread pool 'BackgroundTasksService': Shutdown of thread pool completed. Threads aborted.


----------------------------------------
----------------------------------------
Timestamp: 2016-06-30 11:13:44 AM

Message: Shutting down threadpool...


----------------------------------------
----------------------------------------
Timestamp: 2016-06-30 11:13:44 AM

Message: Background task scheduler shut down


----------------------------------------
----------------------------------------
Timestamp: 2016-06-30 11:13:44 AM

Message: Thread pool 'BackgroundTasksService': Shutdown of thread pool completed. All currently running threads will finish their work and stop.


----------------------------------------
----------------------------------------
Timestamp: 2016-06-30 11:13:44 AM

Message: WorkerThread is shut down


----------------------------------------
----------------------------------------
Timestamp: 2016-06-30 11:13:44 AM

Message: WorkerThread is shut down


----------------------------------------
----------------------------------------
Timestamp: 2016-06-30 11:14:14 AM

Message: Shutting down threadpool...


----------------------------------------
----------------------------------------
Timestamp: 2016-06-30 11:14:14 AM

Message: Thread pool 'BackgroundTasksService': Shutdown of thread pool completed. Threads aborted.


----------------------------------------
