----------------------------------------
Timestamp: 2016-05-24 09:22:16 AM

Message: Shutting down threadpool...


----------------------------------------
----------------------------------------
Timestamp: 2016-05-24 09:22:16 AM

Message: Thread pool 'BackgroundTasksService': Shutdown of thread pool completed. All currently running threads will finish their work and stop.


----------------------------------------
----------------------------------------
Timestamp: 2016-05-24 09:22:17 AM

Message: WorkerThread is shut down


----------------------------------------
----------------------------------------
Timestamp: 2016-05-24 09:22:17 AM

Message: Background task scheduler shut down


----------------------------------------
----------------------------------------
Timestamp: 2016-05-24 09:22:17 AM

Message: WorkerThread is shut down


----------------------------------------
----------------------------------------
Timestamp: 2016-05-24 09:22:46 AM

Message: Shutting down threadpool...


----------------------------------------
----------------------------------------
Timestamp: 2016-05-24 09:22:46 AM

Message: Thread pool 'BackgroundTasksService': Shutdown of thread pool completed. Threads aborted.


----------------------------------------
