----------------------------------------
Timestamp: 2016-05-30 02:35:46 PM

Message: Shutting down threadpool...


----------------------------------------
----------------------------------------
Timestamp: 2016-05-30 02:35:46 PM

Message: Thread pool 'BackgroundTasksService': Shutdown of thread pool completed. All currently running threads will finish their work and stop.


----------------------------------------
----------------------------------------
Timestamp: 2016-05-30 02:35:46 PM

Message: Background task scheduler shut down


----------------------------------------
----------------------------------------
Timestamp: 2016-05-30 02:35:47 PM

Message: WorkerThread is shut down


----------------------------------------
----------------------------------------
Timestamp: 2016-05-30 02:35:47 PM

Message: WorkerThread is shut down


----------------------------------------
----------------------------------------
Timestamp: 2016-05-30 02:36:16 PM

Message: Shutting down threadpool...


----------------------------------------
----------------------------------------
Timestamp: 2016-05-30 02:36:16 PM

Message: Thread pool 'BackgroundTasksService': Shutdown of thread pool completed. Threads aborted.


----------------------------------------
----------------------------------------
Timestamp: 2016-05-30 04:16:40 PM

Message: Shutting down threadpool...


----------------------------------------
----------------------------------------
Timestamp: 2016-05-30 04:16:40 PM

Message: Thread pool 'BackgroundTasksService': Shutdown of thread pool completed. All currently running threads will finish their work and stop.


----------------------------------------
----------------------------------------
Timestamp: 2016-05-30 04:16:40 PM

Message: WorkerThread is shut down


----------------------------------------
----------------------------------------
Timestamp: 2016-05-30 04:16:40 PM

Message: Background task scheduler shut down


----------------------------------------
----------------------------------------
Timestamp: 2016-05-30 04:16:40 PM

Message: WorkerThread is shut down


----------------------------------------
----------------------------------------
Timestamp: 2016-05-30 04:17:10 PM

Message: Shutting down threadpool...


----------------------------------------
----------------------------------------
Timestamp: 2016-05-30 04:17:10 PM

Message: Thread pool 'BackgroundTasksService': Shutdown of thread pool completed. Threads aborted.


----------------------------------------
----------------------------------------
Timestamp: 2016-05-31 07:46:18 AM

Message: Shutting down threadpool...


----------------------------------------
----------------------------------------
Timestamp: 2016-05-31 07:46:18 AM

Message: Thread pool 'BackgroundTasksService': Shutdown of thread pool completed. All currently running threads will finish their work and stop.


----------------------------------------
----------------------------------------
Timestamp: 2016-05-31 07:46:18 AM

Message: WorkerThread is shut down


----------------------------------------
----------------------------------------
Timestamp: 2016-05-31 07:46:18 AM

Message: WorkerThread is shut down


----------------------------------------
----------------------------------------
Timestamp: 2016-05-31 07:46:18 AM

Message: Background task scheduler shut down


----------------------------------------
----------------------------------------
Timestamp: 2016-05-31 07:46:48 AM

Message: Shutting down threadpool...


----------------------------------------
----------------------------------------
Timestamp: 2016-05-31 07:46:48 AM

Message: Thread pool 'BackgroundTasksService': Shutdown of thread pool completed. Threads aborted.


----------------------------------------
