----------------------------------------
Timestamp: 2016-06-22 03:30:03 PM

Message: Shutting down threadpool...


----------------------------------------
----------------------------------------
Timestamp: 2016-06-22 03:30:03 PM

Message: Thread pool 'BackgroundTasksService': Shutdown of thread pool completed. All currently running threads will finish their work and stop.


----------------------------------------
----------------------------------------
Timestamp: 2016-06-22 03:30:04 PM

Message: WorkerThread is shut down


----------------------------------------
----------------------------------------
Timestamp: 2016-06-22 03:30:04 PM

Message: WorkerThread is shut down


----------------------------------------
----------------------------------------
Timestamp: 2016-06-22 03:30:04 PM

Message: Background task scheduler shut down


----------------------------------------
----------------------------------------
Timestamp: 2016-06-22 03:30:33 PM

Message: Shutting down threadpool...


----------------------------------------
----------------------------------------
Timestamp: 2016-06-22 03:30:33 PM

Message: Thread pool 'BackgroundTasksService': Shutdown of thread pool completed. Threads aborted.


----------------------------------------
----------------------------------------
Timestamp: 2016-06-22 04:31:27 PM

Message: Shutting down threadpool...


----------------------------------------
----------------------------------------
Timestamp: 2016-06-22 04:31:27 PM

Message: Thread pool 'BackgroundTasksService': Shutdown of thread pool completed. All currently running threads will finish their work and stop.


----------------------------------------
----------------------------------------
Timestamp: 2016-06-22 04:31:27 PM

Message: Background task scheduler shut down


----------------------------------------
----------------------------------------
Timestamp: 2016-06-22 04:31:27 PM

Message: WorkerThread is shut down


----------------------------------------
----------------------------------------
Timestamp: 2016-06-22 04:31:27 PM

Message: WorkerThread is shut down


----------------------------------------
----------------------------------------
Timestamp: 2016-06-22 04:31:57 PM

Message: Shutting down threadpool...


----------------------------------------
----------------------------------------
Timestamp: 2016-06-22 04:31:57 PM

Message: Thread pool 'BackgroundTasksService': Shutdown of thread pool completed. Threads aborted.


----------------------------------------
----------------------------------------
Timestamp: 2016-06-23 11:34:21 AM

Message: Shutting down threadpool...


----------------------------------------
----------------------------------------
Timestamp: 2016-06-23 11:34:21 AM

Message: Thread pool 'BackgroundTasksService': Shutdown of thread pool completed. All currently running threads will finish their work and stop.


----------------------------------------
----------------------------------------
Timestamp: 2016-06-23 11:34:21 AM

Message: WorkerThread is shut down


----------------------------------------
----------------------------------------
Timestamp: 2016-06-23 11:34:21 AM

Message: Background task scheduler shut down


----------------------------------------
----------------------------------------
Timestamp: 2016-06-23 11:34:22 AM

Message: WorkerThread is shut down


----------------------------------------
----------------------------------------
Timestamp: 2016-06-23 11:34:51 AM

Message: Shutting down threadpool...


----------------------------------------
----------------------------------------
Timestamp: 2016-06-23 11:34:51 AM

Message: Thread pool 'BackgroundTasksService': Shutdown of thread pool completed. Threads aborted.


----------------------------------------
