----------------------------------------
Timestamp: 2016-07-04 11:32:39 AM

Message: Shutting down threadpool...


----------------------------------------
----------------------------------------
Timestamp: 2016-07-04 11:32:39 AM

Message: Thread pool 'BackgroundTasksService': Shutdown of thread pool completed. All currently running threads will finish their work and stop.


----------------------------------------
----------------------------------------
Timestamp: 2016-07-04 11:32:39 AM

Message: WorkerThread is shut down


----------------------------------------
----------------------------------------
Timestamp: 2016-07-04 11:32:39 AM

Message: Background task scheduler shut down


----------------------------------------
----------------------------------------
Timestamp: 2016-07-04 11:32:39 AM

Message: WorkerThread is shut down


----------------------------------------
----------------------------------------
Timestamp: 2016-07-04 11:33:09 AM

Message: Shutting down threadpool...


----------------------------------------
----------------------------------------
Timestamp: 2016-07-04 11:33:09 AM

Message: Thread pool 'BackgroundTasksService': Shutdown of thread pool completed. Threads aborted.


----------------------------------------
----------------------------------------
Timestamp: 2016-07-04 04:34:25 PM

Message: Shutting down threadpool...


----------------------------------------
----------------------------------------
Timestamp: 2016-07-04 04:34:25 PM

Message: Thread pool 'BackgroundTasksService': Shutdown of thread pool completed. All currently running threads will finish their work and stop.


----------------------------------------
----------------------------------------
Timestamp: 2016-07-04 04:34:25 PM

Message: WorkerThread is shut down


----------------------------------------
----------------------------------------
Timestamp: 2016-07-04 04:34:25 PM

Message: WorkerThread is shut down


----------------------------------------
----------------------------------------
Timestamp: 2016-07-04 04:34:25 PM

Message: Background task scheduler shut down


----------------------------------------
----------------------------------------
Timestamp: 2016-07-04 04:34:55 PM

Message: Shutting down threadpool...


----------------------------------------
----------------------------------------
Timestamp: 2016-07-04 04:34:55 PM

Message: Thread pool 'BackgroundTasksService': Shutdown of thread pool completed. Threads aborted.


----------------------------------------
----------------------------------------
Timestamp: 2016-07-05 10:02:45 AM

Message: Shutting down threadpool...


----------------------------------------
----------------------------------------
Timestamp: 2016-07-05 10:02:45 AM

Message: Background task scheduler shut down


----------------------------------------
----------------------------------------
Timestamp: 2016-07-05 10:02:45 AM

Message: Thread pool 'BackgroundTasksService': Shutdown of thread pool completed. All currently running threads will finish their work and stop.


----------------------------------------
----------------------------------------
Timestamp: 2016-07-05 10:02:46 AM

Message: WorkerThread is shut down


----------------------------------------
----------------------------------------
Timestamp: 2016-07-05 10:02:46 AM

Message: WorkerThread is shut down


----------------------------------------
----------------------------------------
Timestamp: 2016-07-05 10:03:15 AM

Message: Shutting down threadpool...


----------------------------------------
----------------------------------------
Timestamp: 2016-07-05 10:03:15 AM

Message: Thread pool 'BackgroundTasksService': Shutdown of thread pool completed. Threads aborted.


----------------------------------------
