----------------------------------------
Timestamp: 2016-05-23 08:56:43 AM

Message: Shutting down threadpool...


----------------------------------------
----------------------------------------
Timestamp: 2016-05-23 08:56:43 AM

Message: Thread pool 'BackgroundTasksService': Shutdown of thread pool completed. All currently running threads will finish their work and stop.


----------------------------------------
----------------------------------------
Timestamp: 2016-05-23 08:56:43 AM

Message: WorkerThread is shut down


----------------------------------------
----------------------------------------
Timestamp: 2016-05-23 08:56:43 AM

Message: Background task scheduler shut down


----------------------------------------
----------------------------------------
Timestamp: 2016-05-23 08:56:43 AM

Message: WorkerThread is shut down


----------------------------------------
----------------------------------------
Timestamp: 2016-05-23 08:57:13 AM

Message: Shutting down threadpool...


----------------------------------------
----------------------------------------
Timestamp: 2016-05-23 08:57:13 AM

Message: Thread pool 'BackgroundTasksService': Shutdown of thread pool completed. Threads aborted.


----------------------------------------
----------------------------------------
Timestamp: 2016-05-23 11:24:03 AM

Message: Shutting down threadpool...


----------------------------------------
----------------------------------------
Timestamp: 2016-05-23 11:24:03 AM

Message: Thread pool 'BackgroundTasksService': Shutdown of thread pool completed. All currently running threads will finish their work and stop.


----------------------------------------
----------------------------------------
Timestamp: 2016-05-23 11:24:03 AM

Message: WorkerThread is shut down


----------------------------------------
----------------------------------------
Timestamp: 2016-05-23 11:24:03 AM

Message: Background task scheduler shut down


----------------------------------------
----------------------------------------
Timestamp: 2016-05-23 11:24:03 AM

Message: WorkerThread is shut down


----------------------------------------
----------------------------------------
Timestamp: 2016-05-23 11:24:33 AM

Message: Shutting down threadpool...


----------------------------------------
----------------------------------------
Timestamp: 2016-05-23 11:24:33 AM

Message: Thread pool 'BackgroundTasksService': Shutdown of thread pool completed. Threads aborted.


----------------------------------------
----------------------------------------
Timestamp: 2016-05-23 04:28:32 PM

Message: Shutting down threadpool...


----------------------------------------
----------------------------------------
Timestamp: 2016-05-23 04:28:32 PM

Message: Thread pool 'BackgroundTasksService': Shutdown of thread pool completed. All currently running threads will finish their work and stop.


----------------------------------------
----------------------------------------
Timestamp: 2016-05-23 04:28:33 PM

Message: WorkerThread is shut down


----------------------------------------
----------------------------------------
Timestamp: 2016-05-23 04:28:33 PM

Message: Background task scheduler shut down


----------------------------------------
----------------------------------------
Timestamp: 2016-05-23 04:28:33 PM

Message: WorkerThread is shut down


----------------------------------------
----------------------------------------
Timestamp: 2016-05-23 04:29:03 PM

Message: Shutting down threadpool...


----------------------------------------
----------------------------------------
Timestamp: 2016-05-23 04:29:03 PM

Message: Thread pool 'BackgroundTasksService': Shutdown of thread pool completed. Threads aborted.


----------------------------------------
