----------------------------------------
Timestamp: 2016-06-30 05:16:08 PM

Message: Shutting down threadpool...


----------------------------------------
----------------------------------------
Timestamp: 2016-06-30 05:16:08 PM

Message: Thread pool 'BackgroundTasksService': Shutdown of thread pool completed. All currently running threads will finish their work and stop.


----------------------------------------
----------------------------------------
Timestamp: 2016-06-30 05:16:08 PM

Message: Background task scheduler shut down


----------------------------------------
----------------------------------------
Timestamp: 2016-06-30 05:16:08 PM

Message: WorkerThread is shut down


----------------------------------------
----------------------------------------
Timestamp: 2016-06-30 05:16:08 PM

Message: WorkerThread is shut down


----------------------------------------
----------------------------------------
Timestamp: 2016-06-30 05:16:38 PM

Message: Shutting down threadpool...


----------------------------------------
----------------------------------------
Timestamp: 2016-06-30 05:16:38 PM

Message: Thread pool 'BackgroundTasksService': Shutdown of thread pool completed. Threads aborted.


----------------------------------------
----------------------------------------
Timestamp: 2016-07-01 06:24:45 AM

Message: Shutting down threadpool...


----------------------------------------
----------------------------------------
Timestamp: 2016-07-01 06:24:45 AM

Message: Thread pool 'BackgroundTasksService': Shutdown of thread pool completed. All currently running threads will finish their work and stop.


----------------------------------------
----------------------------------------
Timestamp: 2016-07-01 06:24:45 AM

Message: Background task scheduler shut down


----------------------------------------
----------------------------------------
Timestamp: 2016-07-01 06:24:45 AM

Message: WorkerThread is shut down


----------------------------------------
----------------------------------------
Timestamp: 2016-07-01 06:24:46 AM

Message: WorkerThread is shut down


----------------------------------------
----------------------------------------
Timestamp: 2016-07-01 06:25:15 AM

Message: Shutting down threadpool...


----------------------------------------
----------------------------------------
Timestamp: 2016-07-01 06:25:15 AM

Message: Thread pool 'BackgroundTasksService': Shutdown of thread pool completed. Threads aborted.


----------------------------------------
----------------------------------------
Timestamp: 2016-07-01 10:48:04 AM

Message: Shutting down threadpool...


----------------------------------------
----------------------------------------
Timestamp: 2016-07-01 10:48:04 AM

Message: Thread pool 'BackgroundTasksService': Shutdown of thread pool completed. All currently running threads will finish their work and stop.


----------------------------------------
----------------------------------------
Timestamp: 2016-07-01 10:48:04 AM

Message: Background task scheduler shut down


----------------------------------------
----------------------------------------
Timestamp: 2016-07-01 10:48:04 AM

Message: WorkerThread is shut down


----------------------------------------
----------------------------------------
Timestamp: 2016-07-01 10:48:04 AM

Message: WorkerThread is shut down


----------------------------------------
----------------------------------------
Timestamp: 2016-07-01 10:48:34 AM

Message: Shutting down threadpool...


----------------------------------------
----------------------------------------
Timestamp: 2016-07-01 10:48:34 AM

Message: Thread pool 'BackgroundTasksService': Shutdown of thread pool completed. Threads aborted.


----------------------------------------
----------------------------------------
Timestamp: 2016-07-01 12:24:36 PM

Message: Shutting down threadpool...


----------------------------------------
----------------------------------------
Timestamp: 2016-07-01 12:24:36 PM

Message: Thread pool 'BackgroundTasksService': Shutdown of thread pool completed. All currently running threads will finish their work and stop.


----------------------------------------
----------------------------------------
Timestamp: 2016-07-01 12:24:36 PM

Message: Background task scheduler shut down


----------------------------------------
----------------------------------------
Timestamp: 2016-07-01 12:24:36 PM

Message: WorkerThread is shut down


----------------------------------------
----------------------------------------
Timestamp: 2016-07-01 12:24:36 PM

Message: WorkerThread is shut down


----------------------------------------
----------------------------------------
Timestamp: 2016-07-01 12:25:06 PM

Message: Shutting down threadpool...


----------------------------------------
----------------------------------------
Timestamp: 2016-07-01 12:25:06 PM

Message: Thread pool 'BackgroundTasksService': Shutdown of thread pool completed. Threads aborted.


----------------------------------------
