----------------------------------------
Timestamp: 2016-06-21 02:06:12 PM

Message: Shutting down threadpool...


----------------------------------------
----------------------------------------
Timestamp: 2016-06-21 02:06:12 PM

Message: Thread pool 'BackgroundTasksService': Shutdown of thread pool completed. All currently running threads will finish their work and stop.


----------------------------------------
----------------------------------------
Timestamp: 2016-06-21 02:06:13 PM

Message: Background task scheduler shut down


----------------------------------------
----------------------------------------
Timestamp: 2016-06-21 02:06:13 PM

Message: WorkerThread is shut down


----------------------------------------
----------------------------------------
Timestamp: 2016-06-21 02:06:13 PM

Message: WorkerThread is shut down


----------------------------------------
----------------------------------------
Timestamp: 2016-06-21 02:06:42 PM

Message: Shutting down threadpool...


----------------------------------------
----------------------------------------
Timestamp: 2016-06-21 02:06:42 PM

Message: Thread pool 'BackgroundTasksService': Shutdown of thread pool completed. Threads aborted.


----------------------------------------
----------------------------------------
Timestamp: 2016-06-21 05:14:51 PM

Message: Shutting down threadpool...


----------------------------------------
----------------------------------------
Timestamp: 2016-06-21 05:14:51 PM

Message: Thread pool 'BackgroundTasksService': Shutdown of thread pool completed. All currently running threads will finish their work and stop.


----------------------------------------
----------------------------------------
Timestamp: 2016-06-21 05:14:51 PM

Message: Background task scheduler shut down


----------------------------------------
----------------------------------------
Timestamp: 2016-06-21 05:14:51 PM

Message: WorkerThread is shut down


----------------------------------------
----------------------------------------
Timestamp: 2016-06-21 05:14:51 PM

Message: WorkerThread is shut down


----------------------------------------
----------------------------------------
Timestamp: 2016-06-21 05:15:21 PM

Message: Shutting down threadpool...


----------------------------------------
----------------------------------------
Timestamp: 2016-06-21 05:15:21 PM

Message: Thread pool 'BackgroundTasksService': Shutdown of thread pool completed. Threads aborted.


----------------------------------------
----------------------------------------
Timestamp: 2016-06-22 11:10:38 AM

Message: Shutting down threadpool...


----------------------------------------
----------------------------------------
Timestamp: 2016-06-22 11:10:38 AM

Message: Thread pool 'BackgroundTasksService': Shutdown of thread pool completed. All currently running threads will finish their work and stop.


----------------------------------------
----------------------------------------
Timestamp: 2016-06-22 11:10:38 AM

Message: Background task scheduler shut down


----------------------------------------
----------------------------------------
Timestamp: 2016-06-22 11:10:38 AM

Message: WorkerThread is shut down


----------------------------------------
----------------------------------------
Timestamp: 2016-06-22 11:10:38 AM

Message: WorkerThread is shut down


----------------------------------------
----------------------------------------
Timestamp: 2016-06-22 11:11:08 AM

Message: Shutting down threadpool...


----------------------------------------
----------------------------------------
Timestamp: 2016-06-22 11:11:08 AM

Message: Thread pool 'BackgroundTasksService': Shutdown of thread pool completed. Threads aborted.


----------------------------------------
----------------------------------------
Timestamp: 2016-06-22 01:52:22 PM

Message: Shutting down threadpool...


----------------------------------------
----------------------------------------
Timestamp: 2016-06-22 01:52:22 PM

Message: Thread pool 'BackgroundTasksService': Shutdown of thread pool completed. All currently running threads will finish their work and stop.


----------------------------------------
----------------------------------------
Timestamp: 2016-06-22 01:52:22 PM

Message: Background task scheduler shut down


----------------------------------------
----------------------------------------
Timestamp: 2016-06-22 01:52:22 PM

Message: WorkerThread is shut down


----------------------------------------
----------------------------------------
Timestamp: 2016-06-22 01:52:22 PM

Message: WorkerThread is shut down


----------------------------------------
----------------------------------------
Timestamp: 2016-06-22 01:52:52 PM

Message: Shutting down threadpool...


----------------------------------------
----------------------------------------
Timestamp: 2016-06-22 01:52:52 PM

Message: Thread pool 'BackgroundTasksService': Shutdown of thread pool completed. Threads aborted.


----------------------------------------
