----------------------------------------
Timestamp: 2016-07-11 11:59:07 AM

Message: Shutting down threadpool...


----------------------------------------
----------------------------------------
Timestamp: 2016-07-11 11:59:07 AM

Message: Thread pool 'BackgroundTasksService': Shutdown of thread pool completed. All currently running threads will finish their work and stop.


----------------------------------------
----------------------------------------
Timestamp: 2016-07-11 11:59:08 AM

Message: Background task scheduler shut down


----------------------------------------
----------------------------------------
Timestamp: 2016-07-11 11:59:08 AM

Message: WorkerThread is shut down


----------------------------------------
----------------------------------------
Timestamp: 2016-07-11 11:59:08 AM

Message: WorkerThread is shut down


----------------------------------------
----------------------------------------
Timestamp: 2016-07-11 11:59:38 AM

Message: Shutting down threadpool...


----------------------------------------
----------------------------------------
Timestamp: 2016-07-11 11:59:38 AM

Message: Thread pool 'BackgroundTasksService': Shutdown of thread pool completed. Threads aborted.


----------------------------------------
----------------------------------------
Timestamp: 2016-07-11 02:02:05 PM

Message: Background task scheduler shut down


----------------------------------------
----------------------------------------
Timestamp: 2016-07-11 02:02:05 PM

Message: Shutting down threadpool...


----------------------------------------
----------------------------------------
Timestamp: 2016-07-11 02:02:05 PM

Message: Thread pool 'BackgroundTasksService': Shutdown of thread pool completed. All currently running threads will finish their work and stop.


----------------------------------------
----------------------------------------
Timestamp: 2016-07-11 02:02:06 PM

Message: WorkerThread is shut down


----------------------------------------
----------------------------------------
Timestamp: 2016-07-11 02:02:06 PM

Message: WorkerThread is shut down


----------------------------------------
----------------------------------------
Timestamp: 2016-07-11 02:02:35 PM

Message: Shutting down threadpool...


----------------------------------------
----------------------------------------
Timestamp: 2016-07-11 02:02:35 PM

Message: Thread pool 'BackgroundTasksService': Shutdown of thread pool completed. Threads aborted.


----------------------------------------
