----------------------------------------
Timestamp: 2016-07-06 02:37:25 PM

Message: Shutting down threadpool...


----------------------------------------
----------------------------------------
Timestamp: 2016-07-06 02:37:25 PM

Message: Thread pool 'BackgroundTasksService': Shutdown of thread pool completed. All currently running threads will finish their work and stop.


----------------------------------------
----------------------------------------
Timestamp: 2016-07-06 02:37:25 PM

Message: WorkerThread is shut down


----------------------------------------
----------------------------------------
Timestamp: 2016-07-06 02:37:25 PM

Message: Background task scheduler shut down


----------------------------------------
----------------------------------------
Timestamp: 2016-07-06 02:37:26 PM

Message: WorkerThread is shut down


----------------------------------------
----------------------------------------
Timestamp: 2016-07-06 02:37:55 PM

Message: Shutting down threadpool...


----------------------------------------
----------------------------------------
Timestamp: 2016-07-06 02:37:55 PM

Message: Thread pool 'BackgroundTasksService': Shutdown of thread pool completed. Threads aborted.


----------------------------------------
----------------------------------------
Timestamp: 2016-07-06 04:25:29 PM

Message: Shutting down threadpool...


----------------------------------------
----------------------------------------
Timestamp: 2016-07-06 04:25:29 PM

Message: Thread pool 'BackgroundTasksService': Shutdown of thread pool completed. All currently running threads will finish their work and stop.


----------------------------------------
----------------------------------------
Timestamp: 2016-07-06 04:25:30 PM

Message: WorkerThread is shut down


----------------------------------------
----------------------------------------
Timestamp: 2016-07-06 04:25:30 PM

Message: WorkerThread is shut down


----------------------------------------
----------------------------------------
Timestamp: 2016-07-06 04:25:30 PM

Message: Background task scheduler shut down


----------------------------------------
----------------------------------------
Timestamp: 2016-07-06 04:25:59 PM

Message: Shutting down threadpool...


----------------------------------------
----------------------------------------
Timestamp: 2016-07-06 04:25:59 PM

Message: Thread pool 'BackgroundTasksService': Shutdown of thread pool completed. Threads aborted.


----------------------------------------
----------------------------------------
Timestamp: 2016-07-07 10:35:05 AM

Message: Shutting down threadpool...


----------------------------------------
----------------------------------------
Timestamp: 2016-07-07 10:35:05 AM

Message: Thread pool 'BackgroundTasksService': Shutdown of thread pool completed. All currently running threads will finish their work and stop.


----------------------------------------
----------------------------------------
Timestamp: 2016-07-07 10:35:05 AM

Message: WorkerThread is shut down


----------------------------------------
----------------------------------------
Timestamp: 2016-07-07 10:35:05 AM

Message: WorkerThread is shut down


----------------------------------------
----------------------------------------
Timestamp: 2016-07-07 10:35:05 AM

Message: Background task scheduler shut down


----------------------------------------
----------------------------------------
Timestamp: 2016-07-07 10:35:35 AM

Message: Shutting down threadpool...


----------------------------------------
----------------------------------------
Timestamp: 2016-07-07 10:35:35 AM

Message: Thread pool 'BackgroundTasksService': Shutdown of thread pool completed. Threads aborted.


----------------------------------------
----------------------------------------
Timestamp: 2016-07-07 01:51:22 PM

Message: Shutting down threadpool...


----------------------------------------
----------------------------------------
Timestamp: 2016-07-07 01:51:22 PM

Message: Thread pool 'BackgroundTasksService': Shutdown of thread pool completed. All currently running threads will finish their work and stop.


----------------------------------------
----------------------------------------
Timestamp: 2016-07-07 01:51:22 PM

Message: Background task scheduler shut down


----------------------------------------
----------------------------------------
Timestamp: 2016-07-07 01:51:22 PM

Message: WorkerThread is shut down


----------------------------------------
----------------------------------------
Timestamp: 2016-07-07 01:51:22 PM

Message: WorkerThread is shut down


----------------------------------------
----------------------------------------
Timestamp: 2016-07-07 01:51:52 PM

Message: Shutting down threadpool...


----------------------------------------
----------------------------------------
Timestamp: 2016-07-07 01:51:52 PM

Message: Thread pool 'BackgroundTasksService': Shutdown of thread pool completed. Threads aborted.


----------------------------------------
